#
# There is insufficient memory for the Java Runtime Environment to continue.
# Native memory allocation (mmap) failed to map 108003328 bytes for G1 virtual space
# Possible reasons:
#   The system is out of physical RAM or swap space
#   The process is running with CompressedOops enabled, and the Java Heap may be blocking the growth of the native heap
# Possible solutions:
#   Reduce memory load on the system
#   Increase physical memory or swap space
#   Check if swap backing store is full
#   Decrease Java heap size (-Xmx/-Xms)
#   Decrease number of Java threads
#   Decrease Java thread stack sizes (-Xss)
#   Set larger code cache with -XX:ReservedCodeCacheSize=
#   JVM is running with Unscaled Compressed Oops mode in which the Java heap is
#     placed in the first 4GB address space. The Java Heap base address is the
#     maximum limit for the native heap growth. Please use -XX:HeapBaseMinAddress
#     to set the Java Heap base and to place the Java Heap above 4GB virtual address.
# This output file may be truncated or incomplete.
#
#  Out of Memory Error (os_windows.cpp:3548), pid=8444, tid=21132
#
# JRE version: OpenJDK Runtime Environment Temurin-17.0.5+8 (17.0.5+8) (build 17.0.5+8)
# Java VM: OpenJDK 64-Bit Server VM Temurin-17.0.5+8 (17.0.5+8, mixed mode, sharing, tiered, compressed oops, compressed class ptrs, g1 gc, windows-amd64)
# No core dump will be written. Minidumps are not enabled by default on client versions of Windows
#

---------------  S U M M A R Y ------------

Command Line: -XX:MaxMetaspaceSize=512m --add-opens=java.base/java.util=ALL-UNNAMED --add-opens=java.base/java.lang=ALL-UNNAMED --add-opens=java.base/java.lang.invoke=ALL-UNNAMED --add-opens=java.prefs/java.util.prefs=ALL-UNNAMED --add-opens=java.base/java.nio.charset=ALL-UNNAMED --add-opens=java.base/java.net=ALL-UNNAMED --add-opens=java.base/java.util.concurrent.atomic=ALL-UNNAMED -Xmx2048m -Dfile.encoding=windows-31j -Duser.country=JP -Duser.language=ja -Duser.variant -javaagent:C:\Users\yoshio\.gradle\wrapper\dists\gradle-8.3-all\6en3ugtfdg5xnpx44z4qbwgas\gradle-8.3\lib\agents\gradle-instrumentation-agent-8.3.jar org.gradle.launcher.daemon.bootstrap.GradleDaemon 8.3

Host: Intel(R) Core(TM) i7-8700 CPU @ 3.20GHz, 12 cores, 15G,  Windows 10 , 64 bit Build 19041 (10.0.19041.5915)
Time: Wed Jul 23 17:06:07 2025  Windows 10 , 64 bit Build 19041 (10.0.19041.5915) elapsed time: 32.174002 seconds (0d 0h 0m 32s)

---------------  T H R E A D  ---------------

Current thread (0x000001c357bb3790):  VMThread "VM Thread" [stack: 0x000000375fb00000,0x000000375fc00000] [id=21132]

Stack: [0x000000375fb00000,0x000000375fc00000]
Native frames: (J=compiled Java code, j=interpreted, Vv=VM code, C=native code)
V  [jvm.dll+0x676b3a]
V  [jvm.dll+0x831444]
V  [jvm.dll+0x832bee]
V  [jvm.dll+0x833253]
V  [jvm.dll+0x244ce5]
V  [jvm.dll+0x673a49]
V  [jvm.dll+0x66811a]
V  [jvm.dll+0x303ceb]
V  [jvm.dll+0x30b1e6]
V  [jvm.dll+0x35adbe]
V  [jvm.dll+0x35afef]
V  [jvm.dll+0x2dab88]
V  [jvm.dll+0x2d8e3c]
V  [jvm.dll+0x2d840c]
V  [jvm.dll+0x31c31b]
V  [jvm.dll+0x8376fb]
V  [jvm.dll+0x838434]
V  [jvm.dll+0x83894c]
V  [jvm.dll+0x838d24]
V  [jvm.dll+0x838df0]
V  [jvm.dll+0x7e17ea]
V  [jvm.dll+0x6759e5]
C  [ucrtbase.dll+0x21bb2]
C  [KERNEL32.DLL+0x17374]
C  [ntdll.dll+0x4cc91]

VM_Operation (0x00000037613f12f0): G1CollectForAllocation, mode: safepoint, requested by thread 0x000001c359bb7650


---------------  P R O C E S S  ---------------

Threads class SMR info:
_java_thread_list=0x000001c35d8ae360, length=116, elements={
0x000001c33931b6a0, 0x000001c357bb9710, 0x000001c357bba490, 0x000001c357bcf590,
0x000001c357bd2e70, 0x000001c357bd3730, 0x000001c357bd3ff0, 0x000001c357bd4c90,
0x000001c357bd5640, 0x000001c357bd7f50, 0x000001c357b9e8f0, 0x000001c358680b00,
0x000001c35a22d830, 0x000001c359787ca0, 0x000001c35a34d030, 0x000001c359c71ed0,
0x000001c359c727b0, 0x000001c359bb84c0, 0x000001c359bb7650, 0x000001c359bb9800,
0x000001c359bb9cd0, 0x000001c359bb7b20, 0x000001c359bb9330, 0x000001c359bb7180,
0x000001c359bb7ff0, 0x000001c359bb6310, 0x000001c359bb67e0, 0x000001c359bb8990,
0x000001c359bb8e60, 0x000001c35955c130, 0x000001c35955d940, 0x000001c359560490,
0x000001c35955cad0, 0x000001c35955f620, 0x000001c35955e2e0, 0x000001c35955b790,
0x000001c35955a920, 0x000001c35955cfa0, 0x000001c35955faf0, 0x000001c35955c600,
0x000001c35955d470, 0x000001c359560e30, 0x000001c359561300, 0x000001c3595617d0,
0x000001c35955a450, 0x000001c35955adf0, 0x000001c35955b2c0, 0x000001c35ddcc2d0,
0x000001c35ddce480, 0x000001c35ddcaf90, 0x000001c35ddcd140, 0x000001c35ddcc7a0,
0x000001c35ddcbe00, 0x000001c35ddce950, 0x000001c35ddc8de0, 0x000001c35ddcf7c0,
0x000001c35ddccc70, 0x000001c35ddc92b0, 0x000001c35ddc9780, 0x000001c35ddcdae0,
0x000001c35ddcdfb0, 0x000001c35ddca5f0, 0x000001c35ddcaac0, 0x000001c35df76e70,
0x000001c35ddcb460, 0x000001c35ddc8910, 0x000001c35da174e0, 0x000001c35da11970,
0x000001c35da18820, 0x000001c35da179b0, 0x000001c35da10fd0, 0x000001c35da16670,
0x000001c35da17010, 0x000001c35da13180, 0x000001c35da13ff0, 0x000001c35da144c0,
0x000001c35da14e60, 0x000001c35da17e80, 0x000001c35da11e40, 0x000001c35da13b20,
0x000001c35da12310, 0x000001c35da14990, 0x000001c35da15330, 0x000001c35da15800,
0x000001c35da127e0, 0x000001c35da18350, 0x000001c35da114a0, 0x000001c35da13650,
0x000001c35da15cd0, 0x000001c35da12cb0, 0x000001c35da161a0, 0x000001c35da16b40,
0x000001c35f42a0b0, 0x000001c35f42b3f0, 0x000001c35f427560, 0x000001c35f4266f0,
0x000001c35f42af20, 0x000001c35f427a30, 0x000001c35f42b8c0, 0x000001c35f4253b0,
0x000001c35f4283d0, 0x000001c35f425880, 0x000001c35f42aa50, 0x000001c35f425d50,
0x000001c35f427f00, 0x000001c35f428d70, 0x000001c35f4288a0, 0x000001c35f424070,
0x000001c35f426bc0, 0x000001c35f424540, 0x000001c35f429240, 0x000001c35f429710,
0x000001c35f424a10, 0x000001c35f426220, 0x000001c35f429be0, 0x000001c35f42a580
}

Java Threads: ( => current thread )
  0x000001c33931b6a0 JavaThread "main" [_thread_blocked, id=6272, stack(0x000000375f500000,0x000000375f600000)]
  0x000001c357bb9710 JavaThread "Reference Handler" daemon [_thread_blocked, id=16196, stack(0x000000375fc00000,0x000000375fd00000)]
  0x000001c357bba490 JavaThread "Finalizer" daemon [_thread_blocked, id=5240, stack(0x000000375fd00000,0x000000375fe00000)]
  0x000001c357bcf590 JavaThread "Signal Dispatcher" daemon [_thread_blocked, id=8380, stack(0x000000375fe00000,0x000000375ff00000)]
  0x000001c357bd2e70 JavaThread "Attach Listener" daemon [_thread_blocked, id=10964, stack(0x000000375ff00000,0x0000003760000000)]
  0x000001c357bd3730 JavaThread "Service Thread" daemon [_thread_blocked, id=22096, stack(0x0000003760000000,0x0000003760100000)]
  0x000001c357bd3ff0 JavaThread "Monitor Deflation Thread" daemon [_thread_blocked, id=10940, stack(0x0000003760100000,0x0000003760200000)]
  0x000001c357bd4c90 JavaThread "C2 CompilerThread0" daemon [_thread_blocked, id=17288, stack(0x0000003760200000,0x0000003760300000)]
  0x000001c357bd5640 JavaThread "C1 CompilerThread0" daemon [_thread_blocked, id=9384, stack(0x0000003760300000,0x0000003760400000)]
  0x000001c357bd7f50 JavaThread "Sweeper thread" daemon [_thread_blocked, id=22348, stack(0x0000003760400000,0x0000003760500000)]
  0x000001c357b9e8f0 JavaThread "Common-Cleaner" daemon [_thread_blocked, id=21012, stack(0x0000003760500000,0x0000003760600000)]
  0x000001c358680b00 JavaThread "Notification Thread" daemon [_thread_blocked, id=2808, stack(0x0000003760600000,0x0000003760700000)]
  0x000001c35a22d830 JavaThread "Daemon health stats" [_thread_blocked, id=22516, stack(0x0000003760e00000,0x0000003760f00000)]
  0x000001c359787ca0 JavaThread "Incoming local TCP Connector on port 49837" [_thread_in_native, id=14964, stack(0x0000003760800000,0x0000003760900000)]
  0x000001c35a34d030 JavaThread "Daemon periodic checks" [_thread_blocked, id=14912, stack(0x0000003760f00000,0x0000003761000000)]
  0x000001c359c71ed0 JavaThread "Daemon" [_thread_blocked, id=20372, stack(0x0000003761000000,0x0000003761100000)]
  0x000001c359c727b0 JavaThread "Handler for socket connection from /127.0.0.1:49837 to /127.0.0.1:49838" [_thread_in_native, id=19356, stack(0x0000003761100000,0x0000003761200000)]
  0x000001c359bb84c0 JavaThread "Cancel handler" [_thread_blocked, id=15684, stack(0x0000003761200000,0x0000003761300000)]
  0x000001c359bb7650 JavaThread "Daemon worker" [_thread_blocked, id=22464, stack(0x0000003761300000,0x0000003761400000)]
  0x000001c359bb9800 JavaThread "Asynchronous log dispatcher for DefaultDaemonConnection: socket connection from /127.0.0.1:49837 to /127.0.0.1:49838" [_thread_blocked, id=11944, stack(0x0000003761400000,0x0000003761500000)]
  0x000001c359bb9cd0 JavaThread "Stdin handler" [_thread_blocked, id=8916, stack(0x0000003761500000,0x0000003761600000)]
  0x000001c359bb7b20 JavaThread "Daemon client event forwarder" [_thread_blocked, id=5688, stack(0x0000003761600000,0x0000003761700000)]
  0x000001c359bb9330 JavaThread "Cache worker for journal cache (C:\Users\yoshio\.gradle\caches\journal-1)" [_thread_blocked, id=14540, stack(0x0000003761700000,0x0000003761800000)]
  0x000001c359bb7180 JavaThread "File lock request listener" [_thread_in_native, id=4528, stack(0x0000003761800000,0x0000003761900000)]
  0x000001c359bb7ff0 JavaThread "Cache worker for file hash cache (C:\Users\yoshio\.gradle\caches\8.3\fileHashes)" [_thread_blocked, id=6952, stack(0x0000003761900000,0x0000003761a00000)]
  0x000001c359bb6310 JavaThread "File watcher server" daemon [_thread_blocked, id=17884, stack(0x0000003761a00000,0x0000003761b00000)]
  0x000001c359bb67e0 JavaThread "File watcher consumer" daemon [_thread_blocked, id=16124, stack(0x0000003761b00000,0x0000003761c00000)]
  0x000001c359bb8990 JavaThread "Cache worker for checksums cache (C:\koa_shrcep_n\android\.gradle\8.3\checksums)" [_thread_blocked, id=12928, stack(0x0000003760900000,0x0000003760a00000)]
  0x000001c359bb8e60 JavaThread "Cache worker for file hash cache (C:\koa_shrcep_n\android\.gradle\8.3\fileHashes)" [_thread_blocked, id=11032, stack(0x0000003761c00000,0x0000003761d00000)]
  0x000001c35955c130 JavaThread "Cache worker for cache directory md-supplier (C:\Users\yoshio\.gradle\caches\8.3\md-supplier)" [_thread_blocked, id=18544, stack(0x0000003761d00000,0x0000003761e00000)]
  0x000001c35955d940 JavaThread "Cache worker for file content cache (C:\Users\yoshio\.gradle\caches\8.3\fileContent)" [_thread_blocked, id=11212, stack(0x0000003761e00000,0x0000003761f00000)]
  0x000001c359560490 JavaThread "Cache worker for cache directory md-rule (C:\Users\yoshio\.gradle\caches\8.3\md-rule)" [_thread_blocked, id=21520, stack(0x0000003762600000,0x0000003762700000)]
  0x000001c35955cad0 JavaThread "Cache worker for execution history cache (C:\Users\yoshio\.gradle\caches\8.3\executionHistory)" [_thread_blocked, id=22460, stack(0x0000003762700000,0x0000003762800000)]
  0x000001c35955f620 JavaThread "jar transforms" [_thread_blocked, id=15236, stack(0x0000003762a00000,0x0000003762b00000)]
  0x000001c35955e2e0 JavaThread "jar transforms Thread 2" [_thread_blocked, id=4504, stack(0x0000003762b00000,0x0000003762c00000)]
  0x000001c35955b790 JavaThread "jar transforms Thread 3" [_thread_blocked, id=17144, stack(0x0000003762900000,0x0000003762a00000)]
  0x000001c35955a920 JavaThread "jar transforms Thread 4" [_thread_blocked, id=21944, stack(0x0000003762c00000,0x0000003762d00000)]
  0x000001c35955cfa0 JavaThread "File lock release action executor" [_thread_blocked, id=21884, stack(0x0000003762800000,0x0000003762900000)]
  0x000001c35955faf0 JavaThread "Cache worker for kotlin-dsl (C:\Users\yoshio\.gradle\caches\8.3\kotlin-dsl)" [_thread_blocked, id=12168, stack(0x0000003762f00000,0x0000003763000000)]
  0x000001c35955c600 JavaThread "jar transforms Thread 5" [_thread_blocked, id=17888, stack(0x0000003762d00000,0x0000003762e00000)]
  0x000001c35955d470 JavaThread "jar transforms Thread 6" [_thread_blocked, id=16972, stack(0x0000003762e00000,0x0000003762f00000)]
  0x000001c359560e30 JavaThread "Unconstrained build operations" [_thread_blocked, id=1908, stack(0x0000003763100000,0x0000003763200000)]
  0x000001c359561300 JavaThread "Unconstrained build operations Thread 2" [_thread_blocked, id=12216, stack(0x0000003763200000,0x0000003763300000)]
  0x000001c3595617d0 JavaThread "jar transforms Thread 7" [_thread_blocked, id=20020, stack(0x0000003763000000,0x0000003763100000)]
  0x000001c35955a450 JavaThread "jar transforms Thread 8" [_thread_blocked, id=19140, stack(0x0000003763300000,0x0000003763400000)]
  0x000001c35955adf0 JavaThread "jar transforms Thread 9" [_thread_blocked, id=1316, stack(0x0000003763400000,0x0000003763500000)]
  0x000001c35955b2c0 JavaThread "jar transforms Thread 10" [_thread_blocked, id=5584, stack(0x0000003763500000,0x0000003763600000)]
  0x000001c35ddcc2d0 JavaThread "jar transforms Thread 11" [_thread_blocked, id=5208, stack(0x0000003763700000,0x0000003763800000)]
  0x000001c35ddce480 JavaThread "jar transforms Thread 12" [_thread_blocked, id=9148, stack(0x0000003763800000,0x0000003763900000)]
  0x000001c35ddcaf90 JavaThread "Cache worker for dependencies-accessors (C:\koa_shrcep_n\android\.gradle\8.3\dependencies-accessors)" [_thread_blocked, id=21964, stack(0x0000003763900000,0x0000003763a00000)]
  0x000001c35ddcd140 JavaThread "Cache worker for Build Output Cleanup Cache (C:\koa_shrcep_n\node_modules\@react-native\gradle-plugin\.gradle\buildOutputCleanup)" [_thread_blocked, id=19316, stack(0x0000003763a00000,0x0000003763b00000)]
  0x000001c35ddcc7a0 JavaThread "Unconstrained build operations Thread 3" [_thread_blocked, id=9340, stack(0x0000003763b00000,0x0000003763c00000)]
  0x000001c35ddcbe00 JavaThread "Unconstrained build operations Thread 4" [_thread_blocked, id=20980, stack(0x0000003763c00000,0x0000003763d00000)]
  0x000001c35ddce950 JavaThread "Unconstrained build operations Thread 5" [_thread_blocked, id=18408, stack(0x0000003763d00000,0x0000003763e00000)]
  0x000001c35ddc8de0 JavaThread "Unconstrained build operations Thread 6" [_thread_blocked, id=6484, stack(0x0000003763e00000,0x0000003763f00000)]
  0x000001c35ddcf7c0 JavaThread "Unconstrained build operations Thread 7" [_thread_blocked, id=19888, stack(0x0000003763f00000,0x0000003764000000)]
  0x000001c35ddccc70 JavaThread "Unconstrained build operations Thread 8" [_thread_blocked, id=11036, stack(0x0000003764000000,0x0000003764100000)]
  0x000001c35ddc92b0 JavaThread "Unconstrained build operations Thread 9" [_thread_blocked, id=2536, stack(0x0000003764100000,0x0000003764200000)]
  0x000001c35ddc9780 JavaThread "Unconstrained build operations Thread 10" [_thread_blocked, id=1960, stack(0x0000003764200000,0x0000003764300000)]
  0x000001c35ddcdae0 JavaThread "Unconstrained build operations Thread 11" [_thread_blocked, id=20496, stack(0x0000003764300000,0x0000003764400000)]
  0x000001c35ddcdfb0 JavaThread "Unconstrained build operations Thread 12" [_thread_blocked, id=21348, stack(0x0000003764400000,0x0000003764500000)]
  0x000001c35ddca5f0 JavaThread "Unconstrained build operations Thread 13" [_thread_blocked, id=7128, stack(0x0000003764500000,0x0000003764600000)]
  0x000001c35ddcaac0 JavaThread "Memory manager" [_thread_blocked, id=19228, stack(0x0000003764600000,0x0000003764700000)]
  0x000001c35df76e70 JavaThread "C2 CompilerThread1" daemon [_thread_blocked, id=22048, stack(0x000000375f300000,0x000000375f400000)]
  0x000001c35ddcb460 JavaThread "Cache worker for Build Output Cleanup Cache (C:\koa_shrcep_n\android\.gradle\buildOutputCleanup)" [_thread_blocked, id=21892, stack(0x0000003763600000,0x0000003763700000)]
  0x000001c35ddc8910 JavaThread "ForkJoinPool.commonPool-worker-1" daemon [_thread_blocked, id=13720, stack(0x0000003764700000,0x0000003764800000)]
  0x000001c35da174e0 JavaThread "ForkJoinPool.commonPool-worker-2" daemon [_thread_blocked, id=18116, stack(0x0000003764800000,0x0000003764900000)]
  0x000001c35da11970 JavaThread "ForkJoinPool.commonPool-worker-3" daemon [_thread_blocked, id=1364, stack(0x0000003764900000,0x0000003764a00000)]
  0x000001c35da18820 JavaThread "ForkJoinPool.commonPool-worker-4" daemon [_thread_blocked, id=588, stack(0x0000003764a00000,0x0000003764b00000)]
  0x000001c35da179b0 JavaThread "ForkJoinPool.commonPool-worker-5" daemon [_thread_blocked, id=2980, stack(0x0000003764b00000,0x0000003764c00000)]
  0x000001c35da10fd0 JavaThread "ForkJoinPool.commonPool-worker-7" daemon [_thread_blocked, id=7164, stack(0x0000003764c00000,0x0000003764d00000)]
  0x000001c35da16670 JavaThread "ForkJoinPool.commonPool-worker-6" daemon [_thread_blocked, id=6168, stack(0x0000003764d00000,0x0000003764e00000)]
  0x000001c35da17010 JavaThread "ForkJoinPool.commonPool-worker-8" daemon [_thread_blocked, id=13024, stack(0x0000003764e00000,0x0000003764f00000)]
  0x000001c35da13180 JavaThread "ForkJoinPool.commonPool-worker-9" daemon [_thread_blocked, id=7136, stack(0x0000003764f00000,0x0000003765000000)]
  0x000001c35da13ff0 JavaThread "ForkJoinPool.commonPool-worker-10" daemon [_thread_blocked, id=9908, stack(0x0000003765000000,0x0000003765100000)]
  0x000001c35da144c0 JavaThread "ForkJoinPool.commonPool-worker-11" daemon [_thread_blocked, id=6884, stack(0x0000003765100000,0x0000003765200000)]
  0x000001c35da14e60 JavaThread "Exec process" daemon [_thread_blocked, id=22192, stack(0x0000003765200000,0x0000003765300000)]
  0x000001c35da17e80 JavaThread "Exec process Thread 2" daemon [_thread_blocked, id=3224, stack(0x0000003765300000,0x0000003765400000)]
  0x000001c35da11e40 JavaThread "Exec process Thread 3" daemon [_thread_blocked, id=19272, stack(0x0000003765400000,0x0000003765500000)]
  0x000001c35da13b20 JavaThread "included builds" [_thread_blocked, id=19440, stack(0x0000003765500000,0x0000003765600000)]
  0x000001c35da12310 JavaThread "Execution worker" [_thread_blocked, id=18108, stack(0x0000003765600000,0x0000003765700000)]
  0x000001c35da14990 JavaThread "Execution worker Thread 2" [_thread_blocked, id=10152, stack(0x0000003765700000,0x0000003765800000)]
  0x000001c35da15330 JavaThread "Execution worker Thread 3" [_thread_blocked, id=4512, stack(0x0000003765800000,0x0000003765900000)]
  0x000001c35da15800 JavaThread "Execution worker Thread 4" [_thread_blocked, id=11000, stack(0x0000003765900000,0x0000003765a00000)]
  0x000001c35da127e0 JavaThread "Execution worker Thread 5" [_thread_blocked, id=15072, stack(0x0000003765a00000,0x0000003765b00000)]
  0x000001c35da18350 JavaThread "Execution worker Thread 6" [_thread_blocked, id=2188, stack(0x0000003765b00000,0x0000003765c00000)]
  0x000001c35da114a0 JavaThread "Execution worker Thread 7" [_thread_blocked, id=16916, stack(0x0000003765c00000,0x0000003765d00000)]
  0x000001c35da13650 JavaThread "Execution worker Thread 8" [_thread_blocked, id=7192, stack(0x0000003765d00000,0x0000003765e00000)]
  0x000001c35da15cd0 JavaThread "Execution worker Thread 9" [_thread_blocked, id=3264, stack(0x0000003765e00000,0x0000003765f00000)]
  0x000001c35da12cb0 JavaThread "Execution worker Thread 10" [_thread_blocked, id=20124, stack(0x0000003765f00000,0x0000003766000000)]
  0x000001c35da161a0 JavaThread "Execution worker Thread 11" [_thread_blocked, id=4356, stack(0x0000003766000000,0x0000003766100000)]
  0x000001c35da16b40 JavaThread "Cache worker for execution history cache (C:\koa_shrcep_n\node_modules\@react-native\gradle-plugin\.gradle\8.3\executionHistory)" [_thread_blocked, id=12840, stack(0x0000003766100000,0x0000003766200000)]
  0x000001c35f42a0b0 JavaThread "Unconstrained build operations Thread 14" [_thread_blocked, id=18844, stack(0x0000003766200000,0x0000003766300000)]
  0x000001c35f42b3f0 JavaThread "Unconstrained build operations Thread 15" [_thread_blocked, id=18848, stack(0x0000003766300000,0x0000003766400000)]
  0x000001c35f427560 JavaThread "Unconstrained build operations Thread 16" [_thread_blocked, id=18860, stack(0x0000003766400000,0x0000003766500000)]
  0x000001c35f4266f0 JavaThread "Unconstrained build operations Thread 17" [_thread_blocked, id=18864, stack(0x0000003766500000,0x0000003766600000)]
  0x000001c35f42af20 JavaThread "Unconstrained build operations Thread 18" [_thread_blocked, id=18876, stack(0x0000003766600000,0x0000003766700000)]
  0x000001c35f427a30 JavaThread "Unconstrained build operations Thread 19" [_thread_blocked, id=18884, stack(0x0000003766700000,0x0000003766800000)]
  0x000001c35f42b8c0 JavaThread "Unconstrained build operations Thread 20" [_thread_blocked, id=18888, stack(0x0000003766800000,0x0000003766900000)]
  0x000001c35f4253b0 JavaThread "Unconstrained build operations Thread 21" [_thread_blocked, id=16792, stack(0x0000003766900000,0x0000003766a00000)]
  0x000001c35f4283d0 JavaThread "Unconstrained build operations Thread 22" [_thread_blocked, id=1632, stack(0x0000003766a00000,0x0000003766b00000)]
  0x000001c35f425880 JavaThread "Unconstrained build operations Thread 23" [_thread_blocked, id=18800, stack(0x0000003766b00000,0x0000003766c00000)]
  0x000001c35f42aa50 JavaThread "Unconstrained build operations Thread 24" [_thread_blocked, id=8972, stack(0x0000003766c00000,0x0000003766d00000)]
  0x000001c35f425d50 JavaThread "Unconstrained build operations Thread 25" [_thread_blocked, id=11608, stack(0x0000003766d00000,0x0000003766e00000)]
  0x000001c35f427f00 JavaThread "Unconstrained build operations Thread 26" [_thread_blocked, id=18308, stack(0x0000003766e00000,0x0000003766f00000)]
  0x000001c35f428d70 JavaThread "Unconstrained build operations Thread 27" [_thread_blocked, id=1200, stack(0x0000003766f00000,0x0000003767000000)]
  0x000001c35f4288a0 JavaThread "Unconstrained build operations Thread 28" [_thread_blocked, id=6912, stack(0x0000003767000000,0x0000003767100000)]
  0x000001c35f424070 JavaThread "Unconstrained build operations Thread 29" [_thread_blocked, id=21268, stack(0x0000003767100000,0x0000003767200000)]
  0x000001c35f426bc0 JavaThread "Unconstrained build operations Thread 30" [_thread_blocked, id=19196, stack(0x0000003767200000,0x0000003767300000)]
  0x000001c35f424540 JavaThread "Unconstrained build operations Thread 31" [_thread_blocked, id=9376, stack(0x0000003767300000,0x0000003767400000)]
  0x000001c35f429240 JavaThread "Unconstrained build operations Thread 32" [_thread_blocked, id=16976, stack(0x0000003767400000,0x0000003767500000)]
  0x000001c35f429710 JavaThread "Unconstrained build operations Thread 33" [_thread_blocked, id=10892, stack(0x0000003767500000,0x0000003767600000)]
  0x000001c35f424a10 JavaThread "Unconstrained build operations Thread 34" [_thread_blocked, id=9348, stack(0x0000003767600000,0x0000003767700000)]
  0x000001c35f426220 JavaThread "Unconstrained build operations Thread 35" [_thread_blocked, id=10108, stack(0x0000003767700000,0x0000003767800000)]
  0x000001c35f429be0 JavaThread "Unconstrained build operations Thread 36" [_thread_blocked, id=21440, stack(0x0000003767800000,0x0000003767900000)]
  0x000001c35f42a580 JavaThread "Unconstrained build operations Thread 37" [_thread_blocked, id=2860, stack(0x0000003767900000,0x0000003767a00000)]

Other Threads:
=>0x000001c357bb3790 VMThread "VM Thread" [stack: 0x000000375fb00000,0x000000375fc00000] [id=21132]
  0x000001c3393a45e0 WatcherThread [stack: 0x0000003760700000,0x0000003760800000] [id=13176]
  0x000001c339377d50 GCTaskThread "GC Thread#0" [stack: 0x000000375f600000,0x000000375f700000] [id=18080]
  0x000001c3590ca380 GCTaskThread "GC Thread#1" [stack: 0x0000003760a00000,0x0000003760b00000] [id=7988]
  0x000001c3590ca630 GCTaskThread "GC Thread#2" [stack: 0x0000003760b00000,0x0000003760c00000] [id=17368]
  0x000001c359099550 GCTaskThread "GC Thread#3" [stack: 0x0000003760c00000,0x0000003760d00000] [id=22432]
  0x000001c359099800 GCTaskThread "GC Thread#4" [stack: 0x0000003760d00000,0x0000003760e00000] [id=3620]
  0x000001c359290100 GCTaskThread "GC Thread#5" [stack: 0x0000003761f00000,0x0000003762000000] [id=16584]
  0x000001c35cfceb30 GCTaskThread "GC Thread#6" [stack: 0x0000003762000000,0x0000003762100000] [id=10732]
  0x000001c35c99fb00 GCTaskThread "GC Thread#7" [stack: 0x0000003762100000,0x0000003762200000] [id=7704]
  0x000001c35c99fdb0 GCTaskThread "GC Thread#8" [stack: 0x0000003762200000,0x0000003762300000] [id=18044]
  0x000001c35c9a05c0 GCTaskThread "GC Thread#9" [stack: 0x0000003762300000,0x0000003762400000] [id=20720]
  0x000001c3371ddfa0 ConcurrentGCThread "G1 Main Marker" [stack: 0x000000375f700000,0x000000375f800000] [id=8800]
  0x000001c3371de8c0 ConcurrentGCThread "G1 Conc#0" [stack: 0x000000375f800000,0x000000375f900000] [id=22088]
  0x000001c35c99f850 ConcurrentGCThread "G1 Conc#1" [stack: 0x0000003762400000,0x0000003762500000] [id=17636]
  0x000001c35c9a0b20 ConcurrentGCThread "G1 Conc#2" [stack: 0x0000003762500000,0x0000003762600000] [id=19724]
  0x000001c3393dd270 ConcurrentGCThread "G1 Refine#0" [stack: 0x000000375f900000,0x000000375fa00000] [id=19392]
  0x000001c3393ddba0 ConcurrentGCThread "G1 Service" [stack: 0x000000375fa00000,0x000000375fb00000] [id=9604]

Threads with active compile tasks:
C2 CompilerThread1    32206 8583  s    4       java.util.jar.JarFile::getInputStream (72 bytes)

VM state: at safepoint (normal execution)

VM Mutex/Monitor currently owned by a thread:  ([mutex/lock_event])
[0x000001c339317e80] Threads_lock - owner thread: 0x000001c357bb3790
[0x000001c339317d60] Heap_lock - owner thread: 0x000001c359bb7650

Heap address: 0x0000000080000000, size: 2048 MB, Compressed Oops mode: 32-bit

CDS archive(s) mapped at: [0x0000000800000000-0x0000000800bc0000-0x0000000800bc0000), size 12320768, SharedBaseAddress: 0x0000000800000000, ArchiveRelocationMode: 0.
Compressed class space mapped at: 0x0000000800c00000-0x000000081a800000, reserved size: 432013312
Narrow klass base: 0x0000000800000000, Narrow klass shift: 0, Narrow klass range: 0x100000000

GC Precious Log:
 CPUs: 12 total, 12 available
 Memory: 15431M
 Large Page Support: Disabled
 NUMA Support: Disabled
 Compressed Oops: Enabled (32-bit)
 Heap Region Size: 1M
 Heap Min Capacity: 8M
 Heap Initial Capacity: 242M
 Heap Max Capacity: 2G
 Pre-touch: Disabled
 Parallel Workers: 10
 Concurrent Workers: 3
 Concurrent Refinement Workers: 10
 Periodic GC: Disabled

Heap:
 garbage-first heap   total 142336K, used 82396K [0x0000000080000000, 0x0000000100000000)
  region size 1024K, 1 young (1024K), 1 survivors (1024K)
 Metaspace       used 66003K, committed 66624K, reserved 479232K
  class space    used 9367K, committed 9664K, reserved 421888K

Heap Regions: E=young(eden), S=young(survivor), O=old, HS=humongous(starts), HC=humongous(continues), CS=collection set, F=free, OA=open archive, CA=closed archive, TAMS=top-at-mark-start (previous, next)
|   0|0x0000000080000000, 0x0000000080100000, 0x0000000080100000|100%|HS|  |TAMS 0x0000000080100000, 0x0000000080000000| Complete 
|   1|0x0000000080100000, 0x0000000080200000, 0x0000000080200000|100%|HC|  |TAMS 0x0000000080200000, 0x0000000080100000| Complete 
|   2|0x0000000080200000, 0x0000000080300000, 0x0000000080300000|100%|HC|  |TAMS 0x0000000080300000, 0x0000000080200000| Complete 
|   3|0x0000000080300000, 0x0000000080400000, 0x0000000080400000|100%|HC|  |TAMS 0x0000000080400000, 0x0000000080300000| Complete 
|   4|0x0000000080400000, 0x0000000080500000, 0x0000000080500000|100%| O|  |TAMS 0x0000000080500000, 0x0000000080400000| Untracked 
|   5|0x0000000080500000, 0x0000000080600000, 0x0000000080600000|100%| O|  |TAMS 0x0000000080600000, 0x0000000080500000| Untracked 
|   6|0x0000000080600000, 0x0000000080700000, 0x0000000080700000|100%| O|  |TAMS 0x0000000080700000, 0x0000000080600000| Untracked 
|   7|0x0000000080700000, 0x0000000080800000, 0x0000000080800000|100%| O|  |TAMS 0x0000000080800000, 0x0000000080700000| Untracked 
|   8|0x0000000080800000, 0x0000000080900000, 0x0000000080900000|100%| O|  |TAMS 0x0000000080900000, 0x0000000080800000| Untracked 
|   9|0x0000000080900000, 0x0000000080a00000, 0x0000000080a00000|100%| O|  |TAMS 0x0000000080a00000, 0x0000000080900000| Untracked 
|  10|0x0000000080a00000, 0x0000000080b00000, 0x0000000080b00000|100%|HS|  |TAMS 0x0000000080b00000, 0x0000000080a00000| Complete 
|  11|0x0000000080b00000, 0x0000000080c00000, 0x0000000080c00000|100%| O|  |TAMS 0x0000000080c00000, 0x0000000080b00000| Untracked 
|  12|0x0000000080c00000, 0x0000000080d00000, 0x0000000080d00000|100%| O|  |TAMS 0x0000000080d00000, 0x0000000080c00000| Untracked 
|  13|0x0000000080d00000, 0x0000000080e00000, 0x0000000080e00000|100%| O|  |TAMS 0x0000000080e00000, 0x0000000080d00000| Untracked 
|  14|0x0000000080e00000, 0x0000000080f00000, 0x0000000080f00000|100%| O|  |TAMS 0x0000000080f00000, 0x0000000080e00000| Untracked 
|  15|0x0000000080f00000, 0x0000000081000000, 0x0000000081000000|100%| O|  |TAMS 0x0000000081000000, 0x0000000080f00000| Untracked 
|  16|0x0000000081000000, 0x0000000081100000, 0x0000000081100000|100%| O|  |TAMS 0x0000000081100000, 0x0000000081000000| Untracked 
|  17|0x0000000081100000, 0x0000000081200000, 0x0000000081200000|100%| O|  |TAMS 0x0000000081200000, 0x0000000081100000| Untracked 
|  18|0x0000000081200000, 0x0000000081300000, 0x0000000081300000|100%| O|  |TAMS 0x0000000081300000, 0x0000000081200000| Untracked 
|  19|0x0000000081300000, 0x0000000081400000, 0x0000000081400000|100%| O|  |TAMS 0x0000000081400000, 0x0000000081300000| Untracked 
|  20|0x0000000081400000, 0x0000000081500000, 0x0000000081500000|100%| O|  |TAMS 0x0000000081500000, 0x0000000081400000| Untracked 
|  21|0x0000000081500000, 0x0000000081600000, 0x0000000081600000|100%| O|  |TAMS 0x0000000081600000, 0x0000000081500000| Untracked 
|  22|0x0000000081600000, 0x0000000081700000, 0x0000000081700000|100%| O|  |TAMS 0x0000000081700000, 0x0000000081600000| Untracked 
|  23|0x0000000081700000, 0x0000000081800000, 0x0000000081800000|100%| O|  |TAMS 0x0000000081800000, 0x0000000081700000| Untracked 
|  24|0x0000000081800000, 0x0000000081900000, 0x0000000081900000|100%| O|  |TAMS 0x0000000081900000, 0x0000000081800000| Untracked 
|  25|0x0000000081900000, 0x0000000081a00000, 0x0000000081a00000|100%| O|  |TAMS 0x0000000081a00000, 0x0000000081900000| Untracked 
|  26|0x0000000081a00000, 0x0000000081b00000, 0x0000000081b00000|100%| O|  |TAMS 0x0000000081b00000, 0x0000000081a00000| Untracked 
|  27|0x0000000081b00000, 0x0000000081c00000, 0x0000000081c00000|100%| O|  |TAMS 0x0000000081c00000, 0x0000000081b00000| Untracked 
|  28|0x0000000081c00000, 0x0000000081d00000, 0x0000000081d00000|100%| O|  |TAMS 0x0000000081d00000, 0x0000000081c00000| Untracked 
|  29|0x0000000081d00000, 0x0000000081e00000, 0x0000000081e00000|100%| O|  |TAMS 0x0000000081e00000, 0x0000000081d00000| Untracked 
|  30|0x0000000081e00000, 0x0000000081f00000, 0x0000000081f00000|100%| O|  |TAMS 0x0000000081f00000, 0x0000000081e00000| Untracked 
|  31|0x0000000081f00000, 0x0000000082000000, 0x0000000082000000|100%| O|  |TAMS 0x0000000082000000, 0x0000000081f00000| Untracked 
|  32|0x0000000082000000, 0x0000000082100000, 0x0000000082100000|100%| O|  |TAMS 0x0000000082100000, 0x0000000082000000| Untracked 
|  33|0x0000000082100000, 0x0000000082200000, 0x0000000082200000|100%| O|  |TAMS 0x0000000082200000, 0x0000000082100000| Untracked 
|  34|0x0000000082200000, 0x0000000082300000, 0x0000000082300000|100%|HS|  |TAMS 0x0000000082300000, 0x0000000082200000| Complete 
|  35|0x0000000082300000, 0x0000000082400000, 0x0000000082400000|100%|HC|  |TAMS 0x0000000082400000, 0x0000000082300000| Complete 
|  36|0x0000000082400000, 0x0000000082500000, 0x0000000082500000|100%|HS|  |TAMS 0x0000000082500000, 0x0000000082400000| Complete 
|  37|0x0000000082500000, 0x0000000082600000, 0x0000000082600000|100%|HC|  |TAMS 0x0000000082600000, 0x0000000082500000| Complete 
|  38|0x0000000082600000, 0x0000000082700000, 0x0000000082700000|100%| O|  |TAMS 0x0000000082700000, 0x0000000082600000| Untracked 
|  39|0x0000000082700000, 0x0000000082800000, 0x0000000082800000|100%|HS|  |TAMS 0x0000000082800000, 0x0000000082700000| Complete 
|  40|0x0000000082800000, 0x0000000082900000, 0x0000000082900000|100%|HC|  |TAMS 0x0000000082900000, 0x0000000082800000| Complete 
|  41|0x0000000082900000, 0x0000000082a00000, 0x0000000082a00000|100%|HC|  |TAMS 0x0000000082a00000, 0x0000000082900000| Complete 
|  42|0x0000000082a00000, 0x0000000082b00000, 0x0000000082b00000|100%|HC|  |TAMS 0x0000000082b00000, 0x0000000082a00000| Complete 
|  43|0x0000000082b00000, 0x0000000082c00000, 0x0000000082c00000|100%| O|  |TAMS 0x0000000082c00000, 0x0000000082b00000| Untracked 
|  44|0x0000000082c00000, 0x0000000082d00000, 0x0000000082d00000|100%| O|  |TAMS 0x0000000082d00000, 0x0000000082c00000| Untracked 
|  45|0x0000000082d00000, 0x0000000082e00000, 0x0000000082e00000|100%| O|  |TAMS 0x0000000082d00000, 0x0000000082d00000| Untracked 
|  46|0x0000000082e00000, 0x0000000082f00000, 0x0000000082f00000|100%| O|  |TAMS 0x0000000082f00000, 0x0000000082e00000| Untracked 
|  47|0x0000000082f00000, 0x0000000082f00000, 0x0000000083000000|  0%| F|  |TAMS 0x0000000082f00000, 0x0000000082f00000| Untracked 
|  48|0x0000000083000000, 0x0000000083100000, 0x0000000083100000|100%| O|  |TAMS 0x0000000083100000, 0x0000000083000000| Untracked 
|  49|0x0000000083100000, 0x0000000083200000, 0x0000000083200000|100%| O|  |TAMS 0x0000000083200000, 0x0000000083100000| Untracked 
|  50|0x0000000083200000, 0x0000000083300000, 0x0000000083300000|100%|HS|  |TAMS 0x0000000083300000, 0x0000000083200000| Complete 
|  51|0x0000000083300000, 0x0000000083400000, 0x0000000083400000|100%|HC|  |TAMS 0x0000000083400000, 0x0000000083300000| Complete 
|  52|0x0000000083400000, 0x0000000083500000, 0x0000000083500000|100%|HC|  |TAMS 0x0000000083500000, 0x0000000083400000| Complete 
|  53|0x0000000083500000, 0x0000000083600000, 0x0000000083600000|100%|HC|  |TAMS 0x0000000083600000, 0x0000000083500000| Complete 
|  54|0x0000000083600000, 0x0000000083700000, 0x0000000083700000|100%| O|  |TAMS 0x0000000083700000, 0x0000000083600000| Untracked 
|  55|0x0000000083700000, 0x0000000083800000, 0x0000000083800000|100%| O|  |TAMS 0x0000000083800000, 0x0000000083700000| Untracked 
|  56|0x0000000083800000, 0x0000000083900000, 0x0000000083900000|100%| O|  |TAMS 0x0000000083900000, 0x0000000083800000| Untracked 
|  57|0x0000000083900000, 0x0000000083a00000, 0x0000000083a00000|100%| O|  |TAMS 0x0000000083a00000, 0x0000000083900000| Untracked 
|  58|0x0000000083a00000, 0x0000000083b00000, 0x0000000083b00000|100%| O|  |TAMS 0x0000000083b00000, 0x0000000083a00000| Untracked 
|  59|0x0000000083b00000, 0x0000000083c00000, 0x0000000083c00000|100%| O|  |TAMS 0x0000000083c00000, 0x0000000083b00000| Untracked 
|  60|0x0000000083c00000, 0x0000000083d00000, 0x0000000083d00000|100%| O|  |TAMS 0x0000000083d00000, 0x0000000083c00000| Untracked 
|  61|0x0000000083d00000, 0x0000000083e00000, 0x0000000083e00000|100%| O|  |TAMS 0x0000000083e00000, 0x0000000083d00000| Untracked 
|  62|0x0000000083e00000, 0x0000000083f00000, 0x0000000083f00000|100%|HS|  |TAMS 0x0000000083f00000, 0x0000000083e00000| Complete 
|  63|0x0000000083f00000, 0x0000000084000000, 0x0000000084000000|100%|HS|  |TAMS 0x0000000084000000, 0x0000000083f00000| Complete 
|  64|0x0000000084000000, 0x0000000084100000, 0x0000000084100000|100%| O|  |TAMS 0x0000000084100000, 0x0000000084000000| Untracked 
|  65|0x0000000084100000, 0x0000000084200000, 0x0000000084200000|100%| O|  |TAMS 0x0000000084200000, 0x0000000084100000| Untracked 
|  66|0x0000000084200000, 0x0000000084300000, 0x0000000084300000|100%| O|  |TAMS 0x0000000084300000, 0x0000000084200000| Untracked 
|  67|0x0000000084300000, 0x0000000084400000, 0x0000000084400000|100%| O|  |TAMS 0x0000000084400000, 0x0000000084300000| Untracked 
|  68|0x0000000084400000, 0x0000000084500000, 0x0000000084500000|100%| O|  |TAMS 0x0000000084500000, 0x0000000084400000| Untracked 
|  69|0x0000000084500000, 0x0000000084600000, 0x0000000084600000|100%| O|  |TAMS 0x0000000084600000, 0x0000000084500000| Untracked 
|  70|0x0000000084600000, 0x0000000084700000, 0x0000000084700000|100%| O|  |TAMS 0x0000000084700000, 0x0000000084600000| Untracked 
|  71|0x0000000084700000, 0x0000000084800000, 0x0000000084800000|100%| O|  |TAMS 0x0000000084800000, 0x0000000084700000| Untracked 
|  72|0x0000000084800000, 0x0000000084900000, 0x0000000084900000|100%| O|  |TAMS 0x0000000084900000, 0x0000000084800000| Untracked 
|  73|0x0000000084900000, 0x0000000084a00000, 0x0000000084a00000|100%| O|  |TAMS 0x0000000084a00000, 0x0000000084900000| Untracked 
|  74|0x0000000084a00000, 0x0000000084b00000, 0x0000000084b00000|100%| O|  |TAMS 0x0000000084b00000, 0x0000000084a00000| Untracked 
|  75|0x0000000084b00000, 0x0000000084c00000, 0x0000000084c00000|100%| O|  |TAMS 0x0000000084b8e000, 0x0000000084b00000| Untracked 
|  76|0x0000000084c00000, 0x0000000084d00000, 0x0000000084d00000|100%|HS|  |TAMS 0x0000000084c00000, 0x0000000084c00000| Complete 
|  77|0x0000000084d00000, 0x0000000084e00000, 0x0000000084e00000|100%| O|  |TAMS 0x0000000084d00000, 0x0000000084d00000| Untracked 
|  78|0x0000000084e00000, 0x0000000084f00000, 0x0000000084f00000|100%| O|  |TAMS 0x0000000084e00000, 0x0000000084e00000| Untracked 
|  79|0x0000000084f00000, 0x0000000085000000, 0x0000000085000000|100%| O|  |TAMS 0x0000000084f00000, 0x0000000084f00000| Untracked 
|  80|0x0000000085000000, 0x0000000085100000, 0x0000000085100000|100%| O|  |TAMS 0x0000000085000000, 0x0000000085000000| Untracked 
|  81|0x0000000085100000, 0x000000008513e000, 0x0000000085200000| 24%| O|  |TAMS 0x0000000085100000, 0x0000000085100000| Untracked 
|  82|0x0000000085200000, 0x0000000085200000, 0x0000000085300000|  0%| F|  |TAMS 0x0000000085200000, 0x0000000085200000| Untracked 
|  83|0x0000000085300000, 0x0000000085300000, 0x0000000085400000|  0%| F|  |TAMS 0x0000000085300000, 0x0000000085300000| Untracked 
|  84|0x0000000085400000, 0x0000000085400000, 0x0000000085500000|  0%| F|  |TAMS 0x0000000085400000, 0x0000000085400000| Untracked 
|  85|0x0000000085500000, 0x0000000085500000, 0x0000000085600000|  0%| F|  |TAMS 0x0000000085500000, 0x0000000085500000| Untracked 
|  86|0x0000000085600000, 0x0000000085600000, 0x0000000085700000|  0%| F|  |TAMS 0x0000000085600000, 0x0000000085600000| Untracked 
|  87|0x0000000085700000, 0x0000000085700000, 0x0000000085800000|  0%| F|  |TAMS 0x0000000085700000, 0x0000000085700000| Untracked 
|  88|0x0000000085800000, 0x0000000085800000, 0x0000000085900000|  0%| F|  |TAMS 0x0000000085800000, 0x0000000085800000| Untracked 
|  89|0x0000000085900000, 0x0000000085900000, 0x0000000085a00000|  0%| F|  |TAMS 0x0000000085900000, 0x0000000085900000| Untracked 
|  90|0x0000000085a00000, 0x0000000085a00000, 0x0000000085b00000|  0%| F|  |TAMS 0x0000000085a00000, 0x0000000085a00000| Untracked 
|  91|0x0000000085b00000, 0x0000000085b00000, 0x0000000085c00000|  0%| F|  |TAMS 0x0000000085b00000, 0x0000000085b00000| Untracked 
|  92|0x0000000085c00000, 0x0000000085c00000, 0x0000000085d00000|  0%| F|  |TAMS 0x0000000085c00000, 0x0000000085c00000| Untracked 
|  93|0x0000000085d00000, 0x0000000085d00000, 0x0000000085e00000|  0%| F|  |TAMS 0x0000000085d00000, 0x0000000085d00000| Untracked 
|  94|0x0000000085e00000, 0x0000000085e00000, 0x0000000085f00000|  0%| F|  |TAMS 0x0000000085e00000, 0x0000000085e00000| Untracked 
|  95|0x0000000085f00000, 0x0000000085f00000, 0x0000000086000000|  0%| F|  |TAMS 0x0000000085f00000, 0x0000000085f00000| Untracked 
|  96|0x0000000086000000, 0x0000000086000000, 0x0000000086100000|  0%| F|  |TAMS 0x0000000086000000, 0x0000000086000000| Untracked 
|  97|0x0000000086100000, 0x0000000086100000, 0x0000000086200000|  0%| F|  |TAMS 0x0000000086100000, 0x0000000086100000| Untracked 
|  98|0x0000000086200000, 0x0000000086200000, 0x0000000086300000|  0%| F|  |TAMS 0x0000000086200000, 0x0000000086200000| Untracked 
|  99|0x0000000086300000, 0x0000000086300000, 0x0000000086400000|  0%| F|  |TAMS 0x0000000086300000, 0x0000000086300000| Untracked 
| 100|0x0000000086400000, 0x0000000086400000, 0x0000000086500000|  0%| F|  |TAMS 0x0000000086400000, 0x0000000086400000| Untracked 
| 101|0x0000000086500000, 0x0000000086500000, 0x0000000086600000|  0%| F|  |TAMS 0x0000000086500000, 0x0000000086500000| Untracked 
| 102|0x0000000086600000, 0x0000000086600000, 0x0000000086700000|  0%| F|  |TAMS 0x0000000086600000, 0x0000000086600000| Untracked 
| 103|0x0000000086700000, 0x0000000086700000, 0x0000000086800000|  0%| F|  |TAMS 0x0000000086700000, 0x0000000086700000| Untracked 
| 104|0x0000000086800000, 0x0000000086800000, 0x0000000086900000|  0%| F|  |TAMS 0x0000000086800000, 0x0000000086800000| Untracked 
| 105|0x0000000086900000, 0x0000000086900000, 0x0000000086a00000|  0%| F|  |TAMS 0x0000000086900000, 0x0000000086900000| Untracked 
| 106|0x0000000086a00000, 0x0000000086a00000, 0x0000000086b00000|  0%| F|  |TAMS 0x0000000086a00000, 0x0000000086a00000| Untracked 
| 107|0x0000000086b00000, 0x0000000086b00000, 0x0000000086c00000|  0%| F|  |TAMS 0x0000000086b00000, 0x0000000086b00000| Untracked 
| 108|0x0000000086c00000, 0x0000000086c00000, 0x0000000086d00000|  0%| F|  |TAMS 0x0000000086c00000, 0x0000000086c00000| Untracked 
| 109|0x0000000086d00000, 0x0000000086d00000, 0x0000000086e00000|  0%| F|  |TAMS 0x0000000086d00000, 0x0000000086d00000| Untracked 
| 110|0x0000000086e00000, 0x0000000086e00000, 0x0000000086f00000|  0%| F|  |TAMS 0x0000000086e00000, 0x0000000086e00000| Untracked 
| 111|0x0000000086f00000, 0x0000000086f00000, 0x0000000087000000|  0%| F|  |TAMS 0x0000000086f00000, 0x0000000086f00000| Untracked 
| 112|0x0000000087000000, 0x0000000087000000, 0x0000000087100000|  0%| F|  |TAMS 0x0000000087000000, 0x0000000087000000| Untracked 
| 113|0x0000000087100000, 0x0000000087100000, 0x0000000087200000|  0%| F|  |TAMS 0x0000000087100000, 0x0000000087100000| Untracked 
| 114|0x0000000087200000, 0x0000000087200000, 0x0000000087300000|  0%| F|  |TAMS 0x0000000087200000, 0x0000000087200000| Untracked 
| 115|0x0000000087300000, 0x0000000087300000, 0x0000000087400000|  0%| F|  |TAMS 0x0000000087300000, 0x0000000087300000| Untracked 
| 116|0x0000000087400000, 0x0000000087400000, 0x0000000087500000|  0%| F|  |TAMS 0x0000000087400000, 0x0000000087400000| Untracked 
| 117|0x0000000087500000, 0x0000000087500000, 0x0000000087600000|  0%| F|  |TAMS 0x0000000087500000, 0x0000000087500000| Untracked 
| 118|0x0000000087600000, 0x0000000087600000, 0x0000000087700000|  0%| F|  |TAMS 0x0000000087600000, 0x0000000087600000| Untracked 
| 119|0x0000000087700000, 0x0000000087700000, 0x0000000087800000|  0%| F|  |TAMS 0x0000000087700000, 0x0000000087700000| Untracked 
| 120|0x0000000087800000, 0x0000000087800000, 0x0000000087900000|  0%| F|  |TAMS 0x0000000087800000, 0x0000000087800000| Untracked 
| 121|0x0000000087900000, 0x0000000087900000, 0x0000000087a00000|  0%| F|  |TAMS 0x0000000087900000, 0x0000000087900000| Untracked 
| 122|0x0000000087a00000, 0x0000000087a00000, 0x0000000087b00000|  0%| F|  |TAMS 0x0000000087a00000, 0x0000000087a00000| Untracked 
| 123|0x0000000087b00000, 0x0000000087b00000, 0x0000000087c00000|  0%| F|  |TAMS 0x0000000087b00000, 0x0000000087b00000| Untracked 
| 124|0x0000000087c00000, 0x0000000087c00000, 0x0000000087d00000|  0%| F|  |TAMS 0x0000000087c00000, 0x0000000087c00000| Untracked 
| 125|0x0000000087d00000, 0x0000000087d00000, 0x0000000087e00000|  0%| F|  |TAMS 0x0000000087d00000, 0x0000000087d00000| Untracked 
| 126|0x0000000087e00000, 0x0000000087e00000, 0x0000000087f00000|  0%| F|  |TAMS 0x0000000087e00000, 0x0000000087e00000| Untracked 
| 127|0x0000000087f00000, 0x0000000087f00000, 0x0000000088000000|  0%| F|  |TAMS 0x0000000087f00000, 0x0000000087f00000| Untracked 
| 128|0x0000000088000000, 0x0000000088000000, 0x0000000088100000|  0%| F|  |TAMS 0x0000000088000000, 0x0000000088000000| Untracked 
| 129|0x0000000088100000, 0x0000000088100000, 0x0000000088200000|  0%| F|  |TAMS 0x0000000088100000, 0x0000000088100000| Untracked 
| 130|0x0000000088200000, 0x0000000088200000, 0x0000000088300000|  0%| F|  |TAMS 0x0000000088200000, 0x0000000088200000| Untracked 
| 131|0x0000000088300000, 0x0000000088300000, 0x0000000088400000|  0%| F|  |TAMS 0x0000000088300000, 0x0000000088300000| Untracked 
| 132|0x0000000088400000, 0x0000000088400000, 0x0000000088500000|  0%| F|  |TAMS 0x0000000088400000, 0x0000000088400000| Untracked 
| 133|0x0000000088500000, 0x0000000088500000, 0x0000000088600000|  0%| F|  |TAMS 0x0000000088500000, 0x0000000088500000| Untracked 
| 134|0x0000000088600000, 0x0000000088600000, 0x0000000088700000|  0%| F|  |TAMS 0x0000000088600000, 0x0000000088600000| Untracked 
| 238|0x000000008ee00000, 0x000000008ee39088, 0x000000008ef00000| 22%| S|CS|TAMS 0x000000008ee00000, 0x000000008ee00000| Complete 
| 239|0x000000008ef00000, 0x000000008ef00000, 0x000000008f000000|  0%| F|  |TAMS 0x000000008ef00000, 0x000000008ef00000| Untracked 
| 240|0x000000008f000000, 0x000000008f000000, 0x000000008f100000|  0%| F|  |TAMS 0x000000008f000000, 0x000000008f000000| Untracked 
| 241|0x000000008f100000, 0x000000008f100000, 0x000000008f200000|  0%| F|  |TAMS 0x000000008f100000, 0x000000008f100000| Untracked 

Card table byte_map: [0x000001c350750000,0x000001c350b50000] _byte_map_base: 0x000001c350350000

Marking Bits (Prev, Next): (CMBitMap*) 0x000001c3393782b0, (CMBitMap*) 0x000001c339378270
 Prev Bits: [0x000001c352f50000, 0x000001c354f50000)
 Next Bits: [0x000001c350f50000, 0x000001c352f50000)

Polling page: 0x000001c3372f0000

Metaspace:

Usage:
  Non-class:     55.31 MB used.
      Class:      9.15 MB used.
       Both:     64.46 MB used.

Virtual space:
  Non-class space:       56.00 MB reserved,      55.62 MB (>99%) committed,  7 nodes.
      Class space:      412.00 MB reserved,       9.44 MB (  2%) committed,  1 nodes.
             Both:      468.00 MB reserved,      65.06 MB ( 14%) committed. 

Chunk freelists:
   Non-Class:  208.00 KB
       Class:  2.56 MB
        Both:  2.77 MB

MaxMetaspaceSize: 512.00 MB
CompressedClassSpaceSize: 412.00 MB
Initial GC threshold: 21.00 MB
Current GC threshold: 106.81 MB
CDS: on
MetaspaceReclaimPolicy: balanced
 - commit_granule_bytes: 65536.
 - commit_granule_words: 8192.
 - virtual_space_node_default_size: 1048576.
 - enlarge_chunks_in_place: 1.
 - new_chunks_are_fully_committed: 0.
 - uncommit_free_chunks: 1.
 - use_allocation_guard: 0.
 - handle_deallocations: 1.


Internal statistics:

num_allocs_failed_limit: 9.
num_arena_births: 822.
num_arena_deaths: 0.
num_vsnodes_births: 8.
num_vsnodes_deaths: 0.
num_space_committed: 1041.
num_space_uncommitted: 0.
num_chunks_returned_to_freelist: 9.
num_chunks_taken_from_freelist: 3546.
num_chunk_merges: 6.
num_chunk_splits: 2345.
num_chunks_enlarged: 1554.
num_purges: 0.
num_inconsistent_stats: 0.

CodeHeap 'non-profiled nmethods': size=120000Kb used=4658Kb max_used=4658Kb free=115341Kb
 bounds [0x000001c3488d0000, 0x000001c348d60000, 0x000001c34fe00000]
CodeHeap 'profiled nmethods': size=120000Kb used=15099Kb max_used=15099Kb free=104900Kb
 bounds [0x000001c3413a0000, 0x000001c342260000, 0x000001c3488d0000]
CodeHeap 'non-nmethods': size=5760Kb used=2368Kb max_used=2444Kb free=3391Kb
 bounds [0x000001c340e00000, 0x000001c341090000, 0x000001c3413a0000]
 total_blobs=8721 nmethods=7830 adapters=803
 compilation: enabled
              stopped_count=0, restarted_count=0
 full_count=0

Compilation events (20 events):
Event: 32.057 Thread 0x000001c357bd4c90 8578       4       java.lang.ThreadLocal$ThreadLocalMap::remove (68 bytes)
Event: 32.066 Thread 0x000001c357bd4c90 nmethod 8578 0x000001c348d54390 code [0x000001c348d54540, 0x000001c348d54bc8]
Event: 32.066 Thread 0x000001c357bd4c90 8579       4       java.lang.ThreadLocal::remove (18 bytes)
Event: 32.074 Thread 0x000001c357bd4c90 nmethod 8579 0x000001c348d54f90 code [0x000001c348d55140, 0x000001c348d55848]
Event: 32.074 Thread 0x000001c357bd4c90 8580       4       java.lang.ThreadLocal::setInitialValue (50 bytes)
Event: 32.084 Thread 0x000001c357bd4c90 nmethod 8580 0x000001c348d55c90 code [0x000001c348d55e60, 0x000001c348d56750]
Event: 32.096 Thread 0x000001c35df76e70 nmethod 8570 0x000001c348d56c10 code [0x000001c348d56e60, 0x000001c348d59ac8]
Event: 32.106 Thread 0x000001c35df76e70 8581       4       java.util.jar.Manifest::getTrustedAttributes (57 bytes)
Event: 32.113 Thread 0x000001c357bd4c90 8582       4       com.google.common.collect.MapMakerInternalMap$1::clear (1 bytes)
Event: 32.113 Thread 0x000001c357bd4c90 nmethod 8582 0x000001c348d5ae10 code [0x000001c348d5af80, 0x000001c348d5aff8]
Event: 32.114 Thread 0x000001c35df76e70 nmethod 8581 0x000001c348d5b110 code [0x000001c348d5b2e0, 0x000001c348d5bb30]
Event: 32.155 Thread 0x000001c35df76e70 8583  s    4       java.util.jar.JarFile::getInputStream (72 bytes)
Event: 32.161 Thread 0x000001c357bd4c90 8584       4       org.gradle.internal.io.StreamByteBuffer::prepareRead (102 bytes)
Event: 32.161 Thread 0x000001c357bd5640 8585       3       sun.reflect.generics.reflectiveObjects.TypeVariableImpl::make (66 bytes)
Event: 32.162 Thread 0x000001c357bd5640 nmethod 8585 0x000001c34225c790 code [0x000001c34225ca20, 0x000001c34225d768]
Event: 32.166 Thread 0x000001c357bd4c90 nmethod 8584 0x000001c348d5c110 code [0x000001c348d5c2a0, 0x000001c348d5c878]
Event: 32.166 Thread 0x000001c357bd5640 8586       3       com.google.common.collect.MapMakerInternalMap$StrongKeyWeakValueEntry$Helper::copy (17 bytes)
Event: 32.166 Thread 0x000001c357bd5640 nmethod 8586 0x000001c34225db10 code [0x000001c34225dd00, 0x000001c34225e418]
Event: 32.166 Thread 0x000001c357bd5640 8587       3       com.google.common.collect.MapMakerInternalMap$StrongKeyWeakValueEntry$Helper::copy (19 bytes)
Event: 32.166 Thread 0x000001c357bd5640 nmethod 8587 0x000001c34225e610 code [0x000001c34225e7e0, 0x000001c34225ebb8]

GC Heap History (20 events):
Event: 28.902 GC heap after
{Heap after GC invocations=21 (full 0):
 garbage-first heap   total 101376K, used 58161K [0x0000000080000000, 0x0000000100000000)
  region size 1024K, 4 young (4096K), 4 survivors (4096K)
 Metaspace       used 55147K, committed 55808K, reserved 471040K
  class space    used 7809K, committed 8128K, reserved 421888K
}
Event: 29.110 GC heap before
{Heap before GC invocations=22 (full 0):
 garbage-first heap   total 106496K, used 79665K [0x0000000080000000, 0x0000000100000000)
  region size 1024K, 26 young (26624K), 4 survivors (4096K)
 Metaspace       used 57855K, committed 58560K, reserved 479232K
  class space    used 8163K, committed 8512K, reserved 421888K
}
Event: 29.112 GC heap after
{Heap after GC invocations=23 (full 0):
 garbage-first heap   total 106496K, used 58777K [0x0000000080000000, 0x0000000100000000)
  region size 1024K, 3 young (3072K), 3 survivors (3072K)
 Metaspace       used 57855K, committed 58560K, reserved 479232K
  class space    used 8163K, committed 8512K, reserved 421888K
}
Event: 30.120 GC heap before
{Heap before GC invocations=23 (full 0):
 garbage-first heap   total 106496K, used 84377K [0x0000000080000000, 0x0000000100000000)
  region size 1024K, 29 young (29696K), 3 survivors (3072K)
 Metaspace       used 59237K, committed 59904K, reserved 479232K
  class space    used 8345K, committed 8640K, reserved 421888K
}
Event: 30.123 GC heap after
{Heap after GC invocations=24 (full 0):
 garbage-first heap   total 106496K, used 60744K [0x0000000080000000, 0x0000000100000000)
  region size 1024K, 4 young (4096K), 4 survivors (4096K)
 Metaspace       used 59237K, committed 59904K, reserved 479232K
  class space    used 8345K, committed 8640K, reserved 421888K
}
Event: 30.395 GC heap before
{Heap before GC invocations=25 (full 0):
 garbage-first heap   total 107520K, used 85320K [0x0000000080000000, 0x0000000100000000)
  region size 1024K, 29 young (29696K), 4 survivors (4096K)
 Metaspace       used 60779K, committed 61440K, reserved 479232K
  class space    used 8576K, committed 8896K, reserved 421888K
}
Event: 30.397 GC heap after
{Heap after GC invocations=26 (full 0):
 garbage-first heap   total 107520K, used 62483K [0x0000000080000000, 0x0000000100000000)
  region size 1024K, 4 young (4096K), 4 survivors (4096K)
 Metaspace       used 60779K, committed 61440K, reserved 479232K
  class space    used 8576K, committed 8896K, reserved 421888K
}
Event: 30.407 GC heap before
{Heap before GC invocations=26 (full 0):
 garbage-first heap   total 107520K, used 63507K [0x0000000080000000, 0x0000000100000000)
  region size 1024K, 5 young (5120K), 4 survivors (4096K)
 Metaspace       used 60844K, committed 61504K, reserved 479232K
  class space    used 8587K, committed 8896K, reserved 421888K
}
Event: 30.409 GC heap after
{Heap after GC invocations=27 (full 0):
 garbage-first heap   total 129024K, used 62819K [0x0000000080000000, 0x0000000100000000)
  region size 1024K, 1 young (1024K), 1 survivors (1024K)
 Metaspace       used 60844K, committed 61504K, reserved 479232K
  class space    used 8587K, committed 8896K, reserved 421888K
}
Event: 31.014 GC heap before
{Heap before GC invocations=27 (full 0):
 garbage-first heap   total 129024K, used 102755K [0x0000000080000000, 0x0000000100000000)
  region size 1024K, 40 young (40960K), 1 survivors (1024K)
 Metaspace       used 63443K, committed 64064K, reserved 479232K
  class space    used 8987K, committed 9280K, reserved 421888K
}
Event: 31.019 GC heap after
{Heap after GC invocations=28 (full 0):
 garbage-first heap   total 129024K, used 66245K [0x0000000080000000, 0x0000000100000000)
  region size 1024K, 4 young (4096K), 4 survivors (4096K)
 Metaspace       used 63443K, committed 64064K, reserved 479232K
  class space    used 8987K, committed 9280K, reserved 421888K
}
Event: 32.011 GC heap before
{Heap before GC invocations=29 (full 0):
 garbage-first heap   total 129024K, used 106181K [0x0000000080000000, 0x0000000100000000)
  region size 1024K, 41 young (41984K), 4 survivors (4096K)
 Metaspace       used 64947K, committed 65600K, reserved 479232K
  class space    used 9231K, committed 9536K, reserved 421888K
}
Event: 32.015 GC heap after
{Heap after GC invocations=30 (full 0):
 garbage-first heap   total 129024K, used 76698K [0x0000000080000000, 0x0000000100000000)
  region size 1024K, 6 young (6144K), 6 survivors (6144K)
 Metaspace       used 64947K, committed 65600K, reserved 479232K
  class space    used 9231K, committed 9536K, reserved 421888K
}
Event: 32.019 GC heap before
{Heap before GC invocations=30 (full 0):
 garbage-first heap   total 129024K, used 77722K [0x0000000080000000, 0x0000000100000000)
  region size 1024K, 7 young (7168K), 6 survivors (6144K)
 Metaspace       used 64947K, committed 65600K, reserved 479232K
  class space    used 9231K, committed 9536K, reserved 421888K
}
Event: 32.021 GC heap after
{Heap after GC invocations=31 (full 0):
 garbage-first heap   total 129024K, used 77325K [0x0000000080000000, 0x0000000100000000)
  region size 1024K, 1 young (1024K), 1 survivors (1024K)
 Metaspace       used 64947K, committed 65600K, reserved 479232K
  class space    used 9231K, committed 9536K, reserved 421888K
}
Event: 32.029 GC heap before
{Heap before GC invocations=31 (full 0):
 garbage-first heap   total 129024K, used 78349K [0x0000000080000000, 0x0000000100000000)
  region size 1024K, 3 young (3072K), 1 survivors (1024K)
 Metaspace       used 64947K, committed 65600K, reserved 479232K
  class space    used 9231K, committed 9536K, reserved 421888K
}
Event: 32.030 GC heap after
{Heap after GC invocations=32 (full 0):
 garbage-first heap   total 129024K, used 79263K [0x0000000080000000, 0x0000000100000000)
  region size 1024K, 3 young (3072K), 3 survivors (3072K)
 Metaspace       used 64947K, committed 65600K, reserved 479232K
  class space    used 9231K, committed 9536K, reserved 421888K
}
Event: 32.140 GC heap before
{Heap before GC invocations=33 (full 0):
 garbage-first heap   total 142336K, used 95647K [0x0000000080000000, 0x0000000100000000)
  region size 1024K, 18 young (18432K), 3 survivors (3072K)
 Metaspace       used 65822K, committed 66496K, reserved 479232K
  class space    used 9337K, committed 9664K, reserved 421888K
}
Event: 32.142 GC heap after
{Heap after GC invocations=34 (full 0):
 garbage-first heap   total 142336K, used 82494K [0x0000000080000000, 0x0000000100000000)
  region size 1024K, 3 young (3072K), 3 survivors (3072K)
 Metaspace       used 65822K, committed 66496K, reserved 479232K
  class space    used 9337K, committed 9664K, reserved 421888K
}
Event: 32.169 GC heap before
{Heap before GC invocations=34 (full 0):
 garbage-first heap   total 142336K, used 84542K [0x0000000080000000, 0x0000000100000000)
  region size 1024K, 6 young (6144K), 3 survivors (3072K)
 Metaspace       used 66003K, committed 66624K, reserved 479232K
  class space    used 9367K, committed 9664K, reserved 421888K
}

Dll operation events (14 events):
Event: 0.051 Loaded shared library C:\Program Files\java\17\bin\java.dll
Event: 0.080 Loaded shared library C:\Program Files\java\17\bin\jsvml.dll
Event: 0.232 Loaded shared library C:\Program Files\java\17\bin\zip.dll
Event: 0.235 Loaded shared library C:\Program Files\java\17\bin\instrument.dll
Event: 0.241 Loaded shared library C:\Program Files\java\17\bin\net.dll
Event: 0.243 Loaded shared library C:\Program Files\java\17\bin\nio.dll
Event: 0.248 Loaded shared library C:\Program Files\java\17\bin\zip.dll
Event: 0.981 Loaded shared library C:\Program Files\java\17\bin\jimage.dll
Event: 1.440 Loaded shared library C:\Program Files\java\17\bin\verify.dll
Event: 2.412 Loaded shared library C:\Users\yoshio\.gradle\native\68d5fa5c4cc2d200863cafc0d521ce42e7d3e7ee720ec0a83991735586a16f82\windows-amd64\native-platform.dll
Event: 2.428 Loaded shared library C:\Users\yoshio\.gradle\native\e376f236ea51e6404a007f0833ffe2c6e607c4080706a723a18a27aeea778392\windows-amd64\native-platform-file-events.dll
Event: 4.777 Loaded shared library C:\Program Files\java\17\bin\management.dll
Event: 4.780 Loaded shared library C:\Program Files\java\17\bin\management_ext.dll
Event: 5.740 Loaded shared library C:\Program Files\java\17\bin\sunmscapi.dll

Deoptimization events (20 events):
Event: 31.957 Thread 0x000001c359bb7650 DEOPT PACKING pc=0x000001c341441883 sp=0x00000037613f9410
Event: 31.957 Thread 0x000001c359bb7650 DEOPT UNPACKING pc=0x000001c340e52b43 sp=0x00000037613f8948 mode 0
Event: 31.958 Thread 0x000001c359bb7650 DEOPT PACKING pc=0x000001c341cfff89 sp=0x00000037613f9390
Event: 31.958 Thread 0x000001c359bb7650 DEOPT UNPACKING pc=0x000001c340e52b43 sp=0x00000037613f8888 mode 0
Event: 31.970 Thread 0x000001c359bb7650 Uncommon trap: trap_request=0xffffff76 fr.pc=0x000001c348d0f6e4 relative=0x00000000000001c4
Event: 31.970 Thread 0x000001c359bb7650 Uncommon trap: reason=predicate action=maybe_recompile pc=0x000001c348d0f6e4 method=java.util.LinkedHashMap.keysToArray([Ljava/lang/Object;)[Ljava/lang/Object; @ 12 c2
Event: 31.970 Thread 0x000001c359bb7650 DEOPT PACKING pc=0x000001c348d0f6e4 sp=0x00000037613f7eb0
Event: 31.970 Thread 0x000001c359bb7650 DEOPT UNPACKING pc=0x000001c340e523a3 sp=0x00000037613f7e68 mode 2
Event: 31.988 Thread 0x000001c359bb7650 Uncommon trap: trap_request=0xffffff45 fr.pc=0x000001c348a641a4 relative=0x0000000000001f84
Event: 31.988 Thread 0x000001c359bb7650 Uncommon trap: reason=unstable_if action=reinterpret pc=0x000001c348a641a4 method=java.util.zip.ZipFile.getInputStream(Ljava/util/zip/ZipEntry;)Ljava/io/InputStream; @ 101 c2
Event: 31.988 Thread 0x000001c359bb7650 DEOPT PACKING pc=0x000001c348a641a4 sp=0x00000037613f3bf0
Event: 31.988 Thread 0x000001c359bb7650 DEOPT UNPACKING pc=0x000001c340e523a3 sp=0x00000037613f3ba8 mode 2
Event: 32.057 Thread 0x000001c359bb7650 Uncommon trap: trap_request=0xffffffde fr.pc=0x000001c348b140cc relative=0x00000000000064cc
Event: 32.057 Thread 0x000001c359bb7650 Uncommon trap: reason=class_check action=maybe_recompile pc=0x000001c348b140cc method=java.util.jar.JarFile.getManifestFromReference()Ljava/util/jar/Manifest; @ 152 c2
Event: 32.057 Thread 0x000001c359bb7650 DEOPT PACKING pc=0x000001c348b140cc sp=0x00000037613f33f0
Event: 32.057 Thread 0x000001c359bb7650 DEOPT UNPACKING pc=0x000001c340e523a3 sp=0x00000037613f31e8 mode 2
Event: 32.111 Thread 0x000001c359bb7650 Uncommon trap: trap_request=0xffffffde fr.pc=0x000001c348b140cc relative=0x00000000000064cc
Event: 32.111 Thread 0x000001c359bb7650 Uncommon trap: reason=class_check action=maybe_recompile pc=0x000001c348b140cc method=java.util.jar.JarFile.getManifestFromReference()Ljava/util/jar/Manifest; @ 152 c2
Event: 32.111 Thread 0x000001c359bb7650 DEOPT PACKING pc=0x000001c348b140cc sp=0x00000037613f33a0
Event: 32.111 Thread 0x000001c359bb7650 DEOPT UNPACKING pc=0x000001c340e523a3 sp=0x00000037613f3198 mode 2

Classes unloaded (0 events):
No events

Classes redefined (0 events):
No events

Internal exceptions (20 events):
Event: 30.259 Thread 0x000001c359bb7650 Exception <a 'java/lang/ClassNotFoundException'{0x0000000087453c58}: org/gradle/api/internal/artifacts/dsl/dependencies/DefaultDependencyHandlerBeanInfo> (0x0000000087453c58) 
thrown [s\src\hotspot\share\classfile\systemDictionary.cpp, line 256]
Event: 30.260 Thread 0x000001c359bb7650 Exception <a 'java/lang/ClassNotFoundException'{0x0000000087469e60}: org/gradle/api/internal/artifacts/dsl/dependencies/DefaultDependencyHandlerCustomizer> (0x0000000087469e60) 
thrown [s\src\hotspot\share\classfile\systemDictionary.cpp, line 256]
Event: 30.262 Thread 0x000001c359bb7650 Exception <a 'java/lang/ClassNotFoundException'{0x00000000874a6f88}: org/gradle/api/internal/artifacts/dsl/dependencies/DefaultDependencyHandler_DecoratedCustomizer> (0x00000000874a6f88) 
thrown [s\src\hotspot\share\classfile\systemDictionary.cpp, line 256]
Event: 30.838 Thread 0x000001c359bb7650 Exception <a 'java/lang/NoSuchMethodError'{0x0000000085c39498}: 'java.lang.Object java.lang.invoke.DirectMethodHandle$Holder.newInvokeSpecial(java.lang.Object, java.lang.Object, java.lang.Object, java.lang.Object, java.lang.Object, java.lang.Object, int)'> (0x0000000085c39498) 
thrown [s\src\hotspot\share\interpreter\linkResolver.cpp, line 759]
Event: 30.838 Thread 0x000001c359bb7650 Exception <a 'java/lang/NoSuchMethodError'{0x0000000085c3f480}: 'java.lang.Object java.lang.invoke.DirectMethodHandle$Holder.invokeSpecial(java.lang.Object, java.lang.Object, java.lang.Object, java.lang.Object, java.lang.Object, java.lang.Object, java.lang.Object, int)'> (0x0000000085c3f480) 
thrown [s\src\hotspot\share\interpreter\linkResolver.cpp, line 759]
Event: 30.839 Thread 0x000001c359bb7650 Exception <a 'java/lang/NoSuchMethodError'{0x0000000085c45050}: 'java.lang.Object java.lang.invoke.Invokers$Holder.linkToTargetMethod(java.lang.Object, java.lang.Object, java.lang.Object, java.lang.Object, java.lang.Object, int, java.lang.Object)'> (0x0000000085c45050) 
thrown [s\src\hotspot\share\interpreter\linkResolver.cpp, line 759]
Event: 30.846 Thread 0x000001c35ddc8910 Implicit null exception at 0x000001c348ab95e0 to 0x000001c348ab974c
Event: 30.953 Thread 0x000001c35da14e60 Exception <a 'java/lang/NoSuchMethodError'{0x00000000859a72b0}: 'void java.lang.invoke.DirectMethodHandle$Holder.invokeSpecial(java.lang.Object, java.lang.Object, int)'> (0x00000000859a72b0) 
thrown [s\src\hotspot\share\interpreter\linkResolver.cpp, line 759]
Event: 31.183 Thread 0x000001c35da13b20 Exception <a 'java/lang/NoSuchMethodError'{0x0000000087a03b58}: 'java.lang.Object java.lang.invoke.DirectMethodHandle$Holder.newInvokeSpecial(java.lang.Object, java.lang.Object, java.lang.Object, java.lang.Object, int, java.lang.Object)'> (0x0000000087a03b58) 
thrown [s\src\hotspot\share\interpreter\linkResolver.cpp, line 759]
Event: 31.183 Thread 0x000001c35da13b20 Exception <a 'java/lang/NoSuchMethodError'{0x0000000087a08120}: 'java.lang.Object java.lang.invoke.Invokers$Holder.linkToTargetMethod(java.lang.Object, java.lang.Object, java.lang.Object, int, java.lang.Object, java.lang.Object)'> (0x0000000087a08120) 
thrown [s\src\hotspot\share\interpreter\linkResolver.cpp, line 759]
Event: 31.196 Thread 0x000001c35da18350 Exception <a 'java/lang/NoSuchMethodError'{0x0000000087a80ed8}: 'void java.lang.invoke.DirectMethodHandle$Holder.invokeInterface(java.lang.Object, java.lang.Object, java.lang.Object, java.lang.Object)'> (0x0000000087a80ed8) 
thrown [s\src\hotspot\share\interpreter\linkResolver.cpp, line 759]
Event: 31.608 Thread 0x000001c35da18350 Exception <a 'java/lang/NoSuchMethodError'{0x00000000878aa0f0}: 'int java.lang.invoke.DirectMethodHandle$Holder.invokeSpecial(java.lang.Object, java.lang.Object, java.lang.Object, java.lang.Object, java.lang.Object)'> (0x00000000878aa0f0) 
thrown [s\src\hotspot\share\interpreter\linkResolver.cpp, line 759]
Event: 31.853 Thread 0x000001c35da18350 Exception <a 'sun/nio/fs/WindowsException'{0x0000000086bfda58}> (0x0000000086bfda58) 
thrown [s\src\hotspot\share\prims\jni.cpp, line 516]
Event: 31.853 Thread 0x000001c35da18350 Exception <a 'sun/nio/fs/WindowsException'{0x0000000086a0ecb8}> (0x0000000086a0ecb8) 
thrown [s\src\hotspot\share\prims\jni.cpp, line 516]
Event: 31.853 Thread 0x000001c35da18350 Exception <a 'sun/nio/fs/WindowsException'{0x0000000086a10c58}> (0x0000000086a10c58) 
thrown [s\src\hotspot\share\prims\jni.cpp, line 516]
Event: 31.854 Thread 0x000001c35da18350 Exception <a 'sun/nio/fs/WindowsException'{0x0000000086a12900}> (0x0000000086a12900) 
thrown [s\src\hotspot\share\prims\jni.cpp, line 516]
Event: 31.966 Thread 0x000001c359bb7650 Exception <a 'java/lang/ClassNotFoundException'{0x0000000085c40dc8}: build_8y5jmycxhfzparv1la27giybvBeanInfo> (0x0000000085c40dc8) 
thrown [s\src\hotspot\share\classfile\systemDictionary.cpp, line 256]
Event: 31.966 Thread 0x000001c359bb7650 Exception <a 'java/lang/ClassNotFoundException'{0x0000000085c477a8}: build_8y5jmycxhfzparv1la27giybvCustomizer> (0x0000000085c477a8) 
thrown [s\src\hotspot\share\classfile\systemDictionary.cpp, line 256]
Event: 32.046 Thread 0x000001c359bb7650 Exception <a 'java/lang/ClassNotFoundException'{0x000000008f0abc30}: build_eb1lq839v8qg8cp1yjc3s0imoBeanInfo> (0x000000008f0abc30) 
thrown [s\src\hotspot\share\classfile\systemDictionary.cpp, line 256]
Event: 32.046 Thread 0x000001c359bb7650 Exception <a 'java/lang/ClassNotFoundException'{0x000000008f0b6ff8}: build_eb1lq839v8qg8cp1yjc3s0imoCustomizer> (0x000000008f0b6ff8) 
thrown [s\src\hotspot\share\classfile\systemDictionary.cpp, line 256]

VM Operations (20 events):
Event: 31.192 Executing VM operation: HandshakeAllThreads done
Event: 31.606 Executing VM operation: HandshakeAllThreads
Event: 31.606 Executing VM operation: HandshakeAllThreads done
Event: 31.849 Executing VM operation: HandshakeAllThreads
Event: 31.850 Executing VM operation: HandshakeAllThreads done
Event: 31.851 Executing VM operation: ICBufferFull
Event: 31.851 Executing VM operation: ICBufferFull done
Event: 32.011 Executing VM operation: G1CollectForAllocation
Event: 32.015 Executing VM operation: G1CollectForAllocation done
Event: 32.019 Executing VM operation: G1CollectForAllocation
Event: 32.021 Executing VM operation: G1CollectForAllocation done
Event: 32.029 Executing VM operation: G1TryInitiateConcMark
Event: 32.030 Executing VM operation: G1TryInitiateConcMark done
Event: 32.060 Executing VM operation: G1Concurrent
Event: 32.062 Executing VM operation: G1Concurrent done
Event: 32.075 Executing VM operation: G1Concurrent
Event: 32.076 Executing VM operation: G1Concurrent done
Event: 32.140 Executing VM operation: G1CollectForAllocation
Event: 32.142 Executing VM operation: G1CollectForAllocation done
Event: 32.169 Executing VM operation: G1CollectForAllocation

Events (20 events):
Event: 31.692 Thread 0x000001c35f42b8c0 Thread added: 0x000001c35f42b8c0
Event: 31.692 Thread 0x000001c35f4253b0 Thread added: 0x000001c35f4253b0
Event: 31.692 Thread 0x000001c35f4283d0 Thread added: 0x000001c35f4283d0
Event: 31.692 Thread 0x000001c35f425880 Thread added: 0x000001c35f425880
Event: 31.693 Thread 0x000001c35f42aa50 Thread added: 0x000001c35f42aa50
Event: 31.827 Thread 0x000001c35f425d50 Thread added: 0x000001c35f425d50
Event: 31.827 Thread 0x000001c35f427f00 Thread added: 0x000001c35f427f00
Event: 31.885 loading class java/util/concurrent/ConcurrentLinkedQueue$Itr
Event: 31.885 loading class java/util/concurrent/ConcurrentLinkedQueue$Itr done
Event: 31.888 Thread 0x000001c35f428d70 Thread added: 0x000001c35f428d70
Event: 31.889 Thread 0x000001c35f4288a0 Thread added: 0x000001c35f4288a0
Event: 31.889 Thread 0x000001c35f424070 Thread added: 0x000001c35f424070
Event: 31.889 Thread 0x000001c35f426bc0 Thread added: 0x000001c35f426bc0
Event: 31.889 Thread 0x000001c35f424540 Thread added: 0x000001c35f424540
Event: 31.889 Thread 0x000001c35f429240 Thread added: 0x000001c35f429240
Event: 31.889 Thread 0x000001c35f429710 Thread added: 0x000001c35f429710
Event: 31.889 Thread 0x000001c35f424a10 Thread added: 0x000001c35f424a10
Event: 31.890 Thread 0x000001c35f426220 Thread added: 0x000001c35f426220
Event: 31.890 Thread 0x000001c35f429be0 Thread added: 0x000001c35f429be0
Event: 31.890 Thread 0x000001c35f42a580 Thread added: 0x000001c35f42a580


Dynamic libraries:
0x00007ff6e2410000 - 0x00007ff6e241e000 	C:\Program Files\java\17\bin\java.exe
0x00007ffb5da70000 - 0x00007ffb5dc68000 	C:\WINDOWS\SYSTEM32\ntdll.dll
0x00007ffb5d930000 - 0x00007ffb5d9f2000 	C:\WINDOWS\System32\KERNEL32.DLL
0x00007ffb5b100000 - 0x00007ffb5b3f6000 	C:\WINDOWS\System32\KERNELBASE.dll
0x00007ffb5b690000 - 0x00007ffb5b790000 	C:\WINDOWS\System32\ucrtbase.dll
0x00007ffb54100000 - 0x00007ffb54117000 	C:\Program Files\java\17\bin\jli.dll
0x00007ffb5c2c0000 - 0x00007ffb5c45d000 	C:\WINDOWS\System32\USER32.dll
0x00007ffb5ba60000 - 0x00007ffb5ba82000 	C:\WINDOWS\System32\win32u.dll
0x00007ffb5da00000 - 0x00007ffb5da2b000 	C:\WINDOWS\System32\GDI32.dll
0x00007ffb5b520000 - 0x00007ffb5b639000 	C:\WINDOWS\System32\gdi32full.dll
0x00007ffb5b480000 - 0x00007ffb5b51d000 	C:\WINDOWS\System32\msvcp_win.dll
0x00007ffb4cdd0000 - 0x00007ffb4d06a000 	C:\WINDOWS\WinSxS\amd64_microsoft.windows.common-controls_6595b64144ccf1df_6.0.19041.5915_none_60b4b9d171f9c7c7\COMCTL32.dll
0x00007ffb5d0d0000 - 0x00007ffb5d16e000 	C:\WINDOWS\System32\msvcrt.dll
0x00007ffb37300000 - 0x00007ffb37319000 	C:\Program Files\java\17\bin\VCRUNTIME140.dll
0x00007ffb5d0a0000 - 0x00007ffb5d0cf000 	C:\WINDOWS\System32\IMM32.DLL
0x00007ffb372f0000 - 0x00007ffb372fc000 	C:\Program Files\java\17\bin\vcruntime140_1.dll
0x00007ffb1bf20000 - 0x00007ffb1bfb1000 	C:\Program Files\java\17\bin\msvcp140.dll
0x00007ffab2560000 - 0x00007ffab31a4000 	C:\Program Files\java\17\bin\server\jvm.dll
0x00007ffb5bb40000 - 0x00007ffb5bbf1000 	C:\WINDOWS\System32\ADVAPI32.dll
0x00007ffb5d000000 - 0x00007ffb5d09f000 	C:\WINDOWS\System32\sechost.dll
0x00007ffb5ce10000 - 0x00007ffb5cf33000 	C:\WINDOWS\System32\RPCRT4.dll
0x00007ffb5b790000 - 0x00007ffb5b7b7000 	C:\WINDOWS\System32\bcrypt.dll
0x00007ffb48b20000 - 0x00007ffb48b29000 	C:\WINDOWS\SYSTEM32\WSOCK32.dll
0x00007ffb5cd80000 - 0x00007ffb5cdeb000 	C:\WINDOWS\System32\WS2_32.dll
0x00007ffb51470000 - 0x00007ffb51497000 	C:\WINDOWS\SYSTEM32\WINMM.dll
0x00007ffb533e0000 - 0x00007ffb533ea000 	C:\WINDOWS\SYSTEM32\VERSION.dll
0x00007ffb59940000 - 0x00007ffb59952000 	C:\WINDOWS\SYSTEM32\kernel.appcore.dll
0x00007ffb333e0000 - 0x00007ffb333ea000 	C:\Program Files\java\17\bin\jimage.dll
0x00007ffb58f50000 - 0x00007ffb59151000 	C:\WINDOWS\SYSTEM32\DBGHELP.DLL
0x00007ffb46270000 - 0x00007ffb462a4000 	C:\WINDOWS\SYSTEM32\dbgcore.DLL
0x00007ffb5b7c0000 - 0x00007ffb5b842000 	C:\WINDOWS\System32\bcryptPrimitives.dll
0x00007ffb58260000 - 0x00007ffb5826e000 	C:\Program Files\java\17\bin\instrument.dll
0x00007ffb1c0a0000 - 0x00007ffb1c0c5000 	C:\Program Files\java\17\bin\java.dll
0x00007ffb1be40000 - 0x00007ffb1bf16000 	C:\Program Files\java\17\bin\jsvml.dll
0x00007ffb5c460000 - 0x00007ffb5cbce000 	C:\WINDOWS\System32\SHELL32.dll
0x00007ffb59180000 - 0x00007ffb59924000 	C:\WINDOWS\SYSTEM32\windows.storage.dll
0x00007ffb5bc90000 - 0x00007ffb5bfe3000 	C:\WINDOWS\System32\combase.dll
0x00007ffb5ab30000 - 0x00007ffb5ab5b000 	C:\WINDOWS\SYSTEM32\Wldp.dll
0x00007ffb5cbd0000 - 0x00007ffb5cc9d000 	C:\WINDOWS\System32\OLEAUT32.dll
0x00007ffb5ba90000 - 0x00007ffb5bb3d000 	C:\WINDOWS\System32\SHCORE.dll
0x00007ffb5bff0000 - 0x00007ffb5c04b000 	C:\WINDOWS\System32\shlwapi.dll
0x00007ffb5b030000 - 0x00007ffb5b054000 	C:\WINDOWS\SYSTEM32\profapi.dll
0x00007ffb1d040000 - 0x00007ffb1d058000 	C:\Program Files\java\17\bin\zip.dll
0x00007ffb331b0000 - 0x00007ffb331c9000 	C:\Program Files\java\17\bin\net.dll
0x00007ffb53900000 - 0x00007ffb53a0a000 	C:\WINDOWS\SYSTEM32\WINHTTP.dll
0x00007ffb5a890000 - 0x00007ffb5a8fa000 	C:\WINDOWS\system32\mswsock.dll
0x00007ffb1d060000 - 0x00007ffb1d075000 	C:\Program Files\java\17\bin\nio.dll
0x00007ffb582e0000 - 0x00007ffb582f0000 	C:\Program Files\java\17\bin\verify.dll
0x00007ffb54090000 - 0x00007ffb540b7000 	C:\Users\yoshio\.gradle\native\68d5fa5c4cc2d200863cafc0d521ce42e7d3e7ee720ec0a83991735586a16f82\windows-amd64\native-platform.dll
0x00007ffb53f40000 - 0x00007ffb54084000 	C:\Users\yoshio\.gradle\native\e376f236ea51e6404a007f0833ffe2c6e607c4080706a723a18a27aeea778392\windows-amd64\native-platform-file-events.dll
0x00007ffb1d300000 - 0x00007ffb1d309000 	C:\Program Files\java\17\bin\management.dll
0x00007ffb1d030000 - 0x00007ffb1d03b000 	C:\Program Files\java\17\bin\management_ext.dll
0x00007ffb5d920000 - 0x00007ffb5d928000 	C:\WINDOWS\System32\PSAPI.DLL
0x00007ffb5aa90000 - 0x00007ffb5aaa8000 	C:\WINDOWS\SYSTEM32\CRYPTSP.dll
0x00007ffb5a140000 - 0x00007ffb5a178000 	C:\WINDOWS\system32\rsaenh.dll
0x00007ffb5afb0000 - 0x00007ffb5afde000 	C:\WINDOWS\SYSTEM32\USERENV.dll
0x00007ffb5aa80000 - 0x00007ffb5aa8c000 	C:\WINDOWS\SYSTEM32\CRYPTBASE.dll
0x00007ffb5a520000 - 0x00007ffb5a55b000 	C:\WINDOWS\SYSTEM32\IPHLPAPI.DLL
0x00007ffb5d2a0000 - 0x00007ffb5d2a8000 	C:\WINDOWS\System32\NSI.dll
0x00007ffb54e60000 - 0x00007ffb54e77000 	C:\WINDOWS\SYSTEM32\dhcpcsvc6.DLL
0x00007ffb54de0000 - 0x00007ffb54dfd000 	C:\WINDOWS\SYSTEM32\dhcpcsvc.DLL
0x00007ffb5a560000 - 0x00007ffb5a62a000 	C:\WINDOWS\SYSTEM32\DNSAPI.dll
0x00007ffb1d020000 - 0x00007ffb1d02e000 	C:\Program Files\java\17\bin\sunmscapi.dll
0x00007ffb5b900000 - 0x00007ffb5ba5d000 	C:\WINDOWS\System32\CRYPT32.dll
0x00007ffb5aba0000 - 0x00007ffb5abc7000 	C:\WINDOWS\SYSTEM32\ncrypt.dll
0x00007ffb5ab60000 - 0x00007ffb5ab9b000 	C:\WINDOWS\SYSTEM32\NTASN1.dll
0x00007ffae0d40000 - 0x00007ffae0d47000 	C:\WINDOWS\system32\wshunix.dll
0x00007ffb33ea0000 - 0x00007ffb33eb7000 	C:\WINDOWS\system32\napinsp.dll
0x00007ffb33e80000 - 0x00007ffb33e9b000 	C:\WINDOWS\system32\pnrpnsp.dll
0x00007ffb57e40000 - 0x00007ffb57e5d000 	C:\WINDOWS\system32\NLAapi.dll
0x00007ffb34c40000 - 0x00007ffb34c5d000 	C:\WINDOWS\system32\wshbth.dll
0x00007ffb33e60000 - 0x00007ffb33e72000 	C:\WINDOWS\System32\winrnr.dll
0x0000000066a30000 - 0x0000000066a56000 	C:\Program Files\Bonjour\mdnsNSP.dll
0x00007ffb4f980000 - 0x00007ffb4f98a000 	C:\Windows\System32\rasadhlp.dll
0x00007ffb4f5e0000 - 0x00007ffb4f660000 	C:\WINDOWS\System32\fwpuclnt.dll

dbghelp: loaded successfully - version: 4.0.5 - missing functions: none
symbol engine: initialized successfully - sym options: 0x614 - pdb path: .;C:\Program Files\java\17\bin;C:\WINDOWS\SYSTEM32;C:\WINDOWS\WinSxS\amd64_microsoft.windows.common-controls_6595b64144ccf1df_6.0.19041.5915_none_60b4b9d171f9c7c7;C:\Program Files\java\17\bin\server;C:\Users\yoshio\.gradle\native\68d5fa5c4cc2d200863cafc0d521ce42e7d3e7ee720ec0a83991735586a16f82\windows-amd64;C:\Users\yoshio\.gradle\native\e376f236ea51e6404a007f0833ffe2c6e607c4080706a723a18a27aeea778392\windows-amd64;C:\Program Files\Bonjour

VM Arguments:
jvm_args: -XX:MaxMetaspaceSize=512m --add-opens=java.base/java.util=ALL-UNNAMED --add-opens=java.base/java.lang=ALL-UNNAMED --add-opens=java.base/java.lang.invoke=ALL-UNNAMED --add-opens=java.prefs/java.util.prefs=ALL-UNNAMED --add-opens=java.base/java.nio.charset=ALL-UNNAMED --add-opens=java.base/java.net=ALL-UNNAMED --add-opens=java.base/java.util.concurrent.atomic=ALL-UNNAMED -Xmx2048m -Dfile.encoding=windows-31j -Duser.country=JP -Duser.language=ja -Duser.variant -javaagent:C:\Users\yoshio\.gradle\wrapper\dists\gradle-8.3-all\6en3ugtfdg5xnpx44z4qbwgas\gradle-8.3\lib\agents\gradle-instrumentation-agent-8.3.jar 
java_command: org.gradle.launcher.daemon.bootstrap.GradleDaemon 8.3
java_class_path (initial): C:\Users\yoshio\.gradle\wrapper\dists\gradle-8.3-all\6en3ugtfdg5xnpx44z4qbwgas\gradle-8.3\lib\gradle-launcher-8.3.jar
Launcher Type: SUN_STANDARD

[Global flags]
     intx CICompilerCount                          = 4                                         {product} {ergonomic}
   size_t CompressedClassSpaceSize                 = 432013312                                 {product} {ergonomic}
     uint ConcGCThreads                            = 3                                         {product} {ergonomic}
     uint G1ConcRefinementThreads                  = 10                                        {product} {ergonomic}
   size_t G1HeapRegionSize                         = 1048576                                   {product} {ergonomic}
    uintx GCDrainStackTargetSize                   = 64                                        {product} {ergonomic}
   size_t InitialHeapSize                          = 253755392                                 {product} {ergonomic}
   size_t MarkStackSize                            = 4194304                                   {product} {ergonomic}
   size_t MaxHeapSize                              = 2147483648                                {product} {command line}
   size_t MaxMetaspaceSize                         = 536870912                                 {product} {command line}
   size_t MaxNewSize                               = 1287651328                                {product} {ergonomic}
   size_t MinHeapDeltaBytes                        = 1048576                                   {product} {ergonomic}
   size_t MinHeapSize                              = 8388608                                   {product} {ergonomic}
    uintx NonNMethodCodeHeapSize                   = 5839372                                {pd product} {ergonomic}
    uintx NonProfiledCodeHeapSize                  = 122909434                              {pd product} {ergonomic}
    uintx ProfiledCodeHeapSize                     = 122909434                              {pd product} {ergonomic}
    uintx ReservedCodeCacheSize                    = 251658240                              {pd product} {ergonomic}
     bool SegmentedCodeCache                       = true                                      {product} {ergonomic}
   size_t SoftMaxHeapSize                          = 2147483648                             {manageable} {ergonomic}
     bool UseCompressedClassPointers               = true                           {product lp64_product} {ergonomic}
     bool UseCompressedOops                        = true                           {product lp64_product} {ergonomic}
     bool UseG1GC                                  = true                                      {product} {ergonomic}
     bool UseLargePagesIndividualAllocation        = false                                  {pd product} {ergonomic}

Logging:
Log output configuration:
 #0: stdout all=warning uptime,level,tags
 #1: stderr all=off uptime,level,tags

Environment Variables:
JAVA_HOME=C:\Program Files\java\17
CLASSPATH=C:\koa_shrcep_n\android\\gradle\wrapper\gradle-wrapper.jar
PATH=C:\koa_shrcep_n\node_modules\.bin;C:\koa_shrcep_n\node_modules\.bin;C:\node_modules\.bin;C:\Program Files\nodejs\node_modules\npm\node_modules\@npmcli\run-script\lib\node-gyp-bin;C:\Windows\system32;C:\Windows;C:\Windows\System32\Wbem;C:\Windows\System32\WindowsPowerShell\v1.0\;C:\Windows\System32\OpenSSH\;C:\Program Files (x86)\Intel\Intel(R) Management Engine Components\DAL;C:\Program Files\Intel\Intel(R) Management Engine Components\DAL;C:\Program Files (x86)\NVIDIA Corporation\PhysX\Common;C:\Program Files\NVIDIA Corporation\NVIDIA NvDLISR;C:\WINDOWS\system32;C:\WINDOWS;C:\WINDOWS\System32\Wbem;C:\WINDOWS\System32\WindowsPowerShell\v1.0\;C:\WINDOWS\System32\OpenSSH\;C:\Users\yoshio\AppData\Roaming\nvm;C:\Program Files\nodejs;C:\Program Files\Git\cmd;C:\Program Files\java\17\bin;C:\Users\yoshio\AppData\Local\Android\Sdk\platform-tools;C:\Program Files\nodejs\;C:\Program Files (x86)\Windows Kits\10\Windows Performance Toolkit\;C:\PROGRA~1\JPKI;C:\xampp\php;C:\ProgramData\ComposerSetup\bin;C:\xampp\mysql\bin;C:\Users\yoshio\Desktop\mp3\ffmpeg\bin;C:\Program Files\dotnet\;C:\Users\yoshio\AppData\Local\Android\Sdk\tools;C:\Users\yoshio\AppData\Local\Programs\Python\Python310\Scripts\;C:\Users\yoshio\AppData\Local\Programs\Python\Python310\;C:\Users\yoshio\AppData\Local\Microsoft\WindowsApps;C:\Users\yoshio\AppData\Roaming\nvm;C:\Program Files\nodejs;C:\Users\yoshio\AppData\Roaming\npm;C:\Users\yoshio\AppData\Local\Programs\Microsoft VS Code\bin;C:\Users\yoshio\AppData\Roaming\Composer\vendor\bin
USERNAME=yoshio
LANG=ja_JP.UTF-8
OS=Windows_NT
PROCESSOR_IDENTIFIER=Intel64 Family 6 Model 158 Stepping 10, GenuineIntel
TMP=C:\Users\yoshio\AppData\Local\Temp
TEMP=C:\Users\yoshio\AppData\Local\Temp



---------------  S Y S T E M  ---------------

OS:
 Windows 10 , 64 bit Build 19041 (10.0.19041.5915)
OS uptime: 0 days 0:15 hours

CPU: total 12 (initial active 12) (6 cores per cpu, 2 threads per core) family 6 model 158 stepping 10 microcode 0xb4, cx8, cmov, fxsr, ht, mmx, 3dnowpref, sse, sse2, sse3, ssse3, sse4.1, sse4.2, popcnt, lzcnt, tsc, tscinvbit, avx, avx2, aes, erms, clmul, bmi1, bmi2, rtm, adx, fma, vzeroupper, clflush, clflushopt

Memory: 4k page, system-wide physical 15431M (440M free)
TotalPageFile size 23104M (AvailPageFile size 75M)
current process WorkingSet (physical memory assigned to process): 349M, peak: 349M
current process commit charge ("private bytes"): 401M, peak: 504M

vm_info: OpenJDK 64-Bit Server VM (17.0.5+8) for windows-amd64 JRE (17.0.5+8), built on Oct 19 2022 04:48:13 by "temurin" with MS VC++ 16.7 (VS2019)

END.
